{"/Users/josephziemba/Projects/dnd-stat-block-creator/src/App.js": {"path":"/Users/josephziemba/Projects/dnd-stat-block-creator/src/App.js","statementMap":{"0":{"start":{"line":1,"column":0},"end":{"line":null,"column":-1}},"1":{"start":{"line":2,"column":0},"end":{"line":null,"column":-1}},"2":{"start":{"line":3,"column":0},"end":{"line":null,"column":-1}},"3":{"start":{"line":4,"column":0},"end":{"line":null,"column":-1}},"4":{"start":{"line":6,"column":0},"end":{"line":null,"column":-1}},"5":{"start":{"line":7,"column":0},"end":{"line":null,"column":-1}},"6":{"start":{"line":9,"column":0},"end":{"line":null,"column":-1}},"7":{"start":{"line":10,"column":0},"end":{"line":null,"column":-1}},"8":{"start":{"line":12,"column":0},"end":{"line":null,"column":-1}},"9":{"start":{"line":16,"column":4},"end":{"line":null,"column":-1}},"10":{"start":{"line":18,"column":4},"end":{"line":null,"column":-1}},"11":{"start":{"line":24,"column":4},"end":{"line":null,"column":-1}},"12":{"start":{"line":25,"column":6},"end":{"line":null,"column":-1}},"13":{"start":{"line":32,"column":4},"end":{"line":32,"column":33}},"14":{"start":{"line":32,"column":33},"end":{"line":null,"column":-1}},"15":{"start":{"line":33,"column":4},"end":{"line":null,"column":-1}}},"fnMap":{"0":{"name":"(anonymous_0)","decl":{"start":{"line":15,"column":2},"end":{"line":15,"column":12}},"loc":{"start":{"line":15,"column":21},"end":{"line":21,"column":3}}},"1":{"name":"(anonymous_1)","decl":{"start":{"line":23,"column":2},"end":{"line":23,"column":18}},"loc":{"start":{"line":23,"column":22},"end":{"line":29,"column":3}}},"2":{"name":"(anonymous_2)","decl":{"start":{"line":24,"column":37},"end":{"line":24,"column":47}},"loc":{"start":{"line":24,"column":52},"end":{"line":24,"column":4}}},"3":{"name":"(anonymous_3)","decl":{"start":{"line":31,"column":2},"end":{"line":31,"column":7}},"loc":{"start":{"line":31,"column":11},"end":{"line":56,"column":3}}}},"branchMap":{"0":{"loc":{"start":{"line":26,"column":10},"end":{"line":25,"column":17}},"type":"cond-expr","locations":[{"start":{"line":26,"column":10},"end":{"line":25,"column":17}},{"start":{"line":27,"column":10},"end":{"line":25,"column":6}}]},"1":{"loc":{"start":{"line":32,"column":4},"end":{"line":32,"column":33}},"type":"if","locations":[{"start":{"line":32,"column":4},"end":{"line":32,"column":33}},{"start":{"line":32,"column":4},"end":{"line":32,"column":33}}]}},"s":{"0":0,"1":0,"2":0,"3":0,"4":0,"5":0,"6":0,"7":0,"8":0,"9":0,"10":0,"11":0,"12":0,"13":0,"14":0,"15":0},"f":{"0":0,"1":0,"2":0,"3":0},"b":{"0":[0,0],"1":[0,0]}}
,"/Users/josephziemba/Projects/dnd-stat-block-creator/src/Firebase.js": {"path":"/Users/josephziemba/Projects/dnd-stat-block-creator/src/Firebase.js","statementMap":{"0":{"start":{"line":5,"column":15},"end":{"line":12,"column":1}},"1":{"start":{"line":16,"column":4},"end":{"line":16,"column":30}},"2":{"start":{"line":18,"column":4},"end":{"line":18,"column":27}},"3":{"start":{"line":19,"column":4},"end":{"line":19,"column":46}},"4":{"start":{"line":20,"column":4},"end":{"line":20,"column":30}},"5":{"start":{"line":21,"column":4},"end":{"line":21,"column":60}},"6":{"start":{"line":22,"column":4},"end":{"line":22,"column":61}},"7":{"start":{"line":23,"column":4},"end":{"line":23,"column":57}},"8":{"start":{"line":24,"column":4},"end":{"line":24,"column":43}},"9":{"start":{"line":28,"column":4},"end":{"line":45,"column":9}},"10":{"start":{"line":32,"column":19},"end":{"line":32,"column":30}},"11":{"start":{"line":33,"column":8},"end":{"line":33,"column":20}},"12":{"start":{"line":44,"column":8},"end":{"line":44,"column":22}},"13":{"start":{"line":49,"column":15},"end":{"line":49,"column":36}},"14":{"start":{"line":50,"column":4},"end":{"line":50,"column":16}},"15":{"start":{"line":54,"column":4},"end":{"line":54,"column":54}},"16":{"start":{"line":58,"column":4},"end":{"line":58,"column":24}},"17":{"start":{"line":62,"column":4},"end":{"line":71,"column":5}},"18":{"start":{"line":63,"column":6},"end":{"line":67,"column":38}},"19":{"start":{"line":67,"column":27},"end":{"line":67,"column":35}},"20":{"start":{"line":69,"column":6},"end":{"line":69,"column":51}},"21":{"start":{"line":70,"column":6},"end":{"line":70,"column":54}},"22":{"start":{"line":75,"column":4},"end":{"line":78,"column":13}},"23":{"start":{"line":82,"column":4},"end":{"line":85,"column":13}},"24":{"start":{"line":90,"column":24},"end":{"line":90,"column":38}}},"fnMap":{"0":{"name":"(anonymous_0)","decl":{"start":{"line":15,"column":2},"end":{"line":15,"column":3}},"loc":{"start":{"line":15,"column":16},"end":{"line":25,"column":3}},"line":15},"1":{"name":"(anonymous_1)","decl":{"start":{"line":27,"column":2},"end":{"line":27,"column":3}},"loc":{"start":{"line":27,"column":16},"end":{"line":46,"column":3}},"line":27},"2":{"name":"(anonymous_2)","decl":{"start":{"line":30,"column":12},"end":{"line":30,"column":13}},"loc":{"start":{"line":30,"column":29},"end":{"line":34,"column":7}},"line":30},"3":{"name":"(anonymous_3)","decl":{"start":{"line":35,"column":13},"end":{"line":35,"column":14}},"loc":{"start":{"line":35,"column":29},"end":{"line":45,"column":7}},"line":35},"4":{"name":"(anonymous_4)","decl":{"start":{"line":48,"column":2},"end":{"line":48,"column":3}},"loc":{"start":{"line":48,"column":19},"end":{"line":51,"column":3}},"line":48},"5":{"name":"(anonymous_5)","decl":{"start":{"line":53,"column":2},"end":{"line":53,"column":3}},"loc":{"start":{"line":53,"column":21},"end":{"line":55,"column":3}},"line":53},"6":{"name":"(anonymous_6)","decl":{"start":{"line":57,"column":2},"end":{"line":57,"column":3}},"loc":{"start":{"line":57,"column":12},"end":{"line":59,"column":3}},"line":57},"7":{"name":"(anonymous_7)","decl":{"start":{"line":61,"column":2},"end":{"line":61,"column":3}},"loc":{"start":{"line":61,"column":27},"end":{"line":72,"column":3}},"line":61},"8":{"name":"(anonymous_8)","decl":{"start":{"line":67,"column":14},"end":{"line":67,"column":15}},"loc":{"start":{"line":67,"column":26},"end":{"line":67,"column":36}},"line":67},"9":{"name":"(anonymous_9)","decl":{"start":{"line":74,"column":2},"end":{"line":74,"column":3}},"loc":{"start":{"line":74,"column":26},"end":{"line":79,"column":3}},"line":74},"10":{"name":"(anonymous_10)","decl":{"start":{"line":81,"column":2},"end":{"line":81,"column":3}},"loc":{"start":{"line":81,"column":28},"end":{"line":86,"column":3}},"line":81}},"branchMap":{"0":{"loc":{"start":{"line":62,"column":4},"end":{"line":71,"column":5}},"type":"if","locations":[{"start":{"line":62,"column":4},"end":{"line":71,"column":5}},{"start":{"line":62,"column":4},"end":{"line":71,"column":5}}],"line":62}},"s":{"0":2,"1":2,"2":2,"3":2,"4":2,"5":2,"6":2,"7":2,"8":2,"9":0,"10":0,"11":0,"12":0,"13":0,"14":0,"15":0,"16":0,"17":0,"18":0,"19":0,"20":0,"21":0,"22":0,"23":0,"24":2},"f":{"0":2,"1":0,"2":0,"3":0,"4":0,"5":0,"6":0,"7":0,"8":0,"9":0,"10":0},"b":{"0":[0,0]},"_coverageSchema":"332fd63041d2c1bcb487cc26dd0d5f7d97098a6c","hash":"f4406357ecaa690c93af552a944fba636d0294bf"}
,"/Users/josephziemba/Projects/dnd-stat-block-creator/src/attacks.js": {"path":"/Users/josephziemba/Projects/dnd-stat-block-creator/src/attacks.js","statementMap":{"0":{"start":{"line":1,"column":23},"end":{"line":1,"column":7}}},"fnMap":{},"branchMap":{},"s":{"0":0},"f":{},"b":{}}
,"/Users/josephziemba/Projects/dnd-stat-block-creator/src/context.js": {"path":"/Users/josephziemba/Projects/dnd-stat-block-creator/src/context.js","statementMap":{"0":{"start":{"line":1,"column":0},"end":{"line":null,"column":-1}},"1":{"start":{"line":3,"column":27},"end":{"line":3,"column":7}},"2":{"start":{"line":5,"column":31},"end":{"line":5,"column":7}}},"fnMap":{},"branchMap":{},"s":{"0":0,"1":0,"2":0},"f":{},"b":{}}
,"/Users/josephziemba/Projects/dnd-stat-block-creator/src/globals.js": {"path":"/Users/josephziemba/Projects/dnd-stat-block-creator/src/globals.js","statementMap":{"0":{"start":{"line":1,"column":0},"end":{"line":null,"column":-1}},"1":{"start":{"line":18,"column":0},"end":{"line":null,"column":-1}},"2":{"start":{"line":22,"column":0},"end":{"line":null,"column":-1}},"3":{"start":{"line":38,"column":0},"end":{"line":null,"column":-1}},"4":{"start":{"line":113,"column":0},"end":{"line":null,"column":-1}},"5":{"start":{"line":135,"column":0},"end":{"line":null,"column":-1}}},"fnMap":{},"branchMap":{},"s":{"0":0,"1":0,"2":0,"3":0,"4":0,"5":0},"f":{},"b":{}}
,"/Users/josephziemba/Projects/dnd-stat-block-creator/src/index.js": {"path":"/Users/josephziemba/Projects/dnd-stat-block-creator/src/index.js","statementMap":{"0":{"start":{"line":1,"column":0},"end":{"line":null,"column":-1}},"1":{"start":{"line":2,"column":0},"end":{"line":null,"column":-1}},"2":{"start":{"line":3,"column":0},"end":{"line":null,"column":-1}},"3":{"start":{"line":4,"column":0},"end":{"line":null,"column":-1}},"4":{"start":{"line":5,"column":0},"end":{"line":null,"column":-1}},"5":{"start":{"line":7,"column":0},"end":{"line":null,"column":-1}}},"fnMap":{},"branchMap":{},"s":{"0":0,"1":0,"2":0,"3":0,"4":0,"5":0},"f":{},"b":{}}
,"/Users/josephziemba/Projects/dnd-stat-block-creator/src/setupTests.js": {"path":"/Users/josephziemba/Projects/dnd-stat-block-creator/src/setupTests.js","statementMap":{"0":{"start":{"line":4,"column":0},"end":{"line":4,"column":38}}},"fnMap":{},"branchMap":{},"s":{"0":3},"f":{},"b":{},"_coverageSchema":"332fd63041d2c1bcb487cc26dd0d5f7d97098a6c","hash":"646056e716332cbfa1868a0b92082dd98260a021"}
,"/Users/josephziemba/Projects/dnd-stat-block-creator/src/Home/Home.js": {"path":"/Users/josephziemba/Projects/dnd-stat-block-creator/src/Home/Home.js","statementMap":{"0":{"start":{"line":1,"column":0},"end":{"line":null,"column":-1}},"1":{"start":{"line":2,"column":0},"end":{"line":null,"column":-1}},"2":{"start":{"line":3,"column":0},"end":{"line":null,"column":-1}},"3":{"start":{"line":4,"column":0},"end":{"line":null,"column":-1}},"4":{"start":{"line":8,"column":4},"end":{"line":null,"column":-1}},"5":{"start":{"line":9,"column":4},"end":{"line":null,"column":-1}},"6":{"start":{"line":14,"column":4},"end":{"line":null,"column":-1}},"7":{"start":{"line":18,"column":4},"end":{"line":null,"column":-1}},"8":{"start":{"line":21,"column":25},"end":{"line":21,"column":8}},"9":{"start":{"line":22,"column":8},"end":{"line":null,"column":-1}},"10":{"start":{"line":23,"column":10},"end":{"line":null,"column":-1}},"11":{"start":{"line":25,"column":8},"end":{"line":null,"column":-1}},"12":{"start":{"line":30,"column":4},"end":{"line":null,"column":-1}},"13":{"start":{"line":31,"column":6},"end":{"line":null,"column":-1}},"14":{"start":{"line":40,"column":4},"end":{"line":null,"column":-1}},"15":{"start":{"line":56,"column":0},"end":{"line":null,"column":-1}}},"fnMap":{"0":{"name":"(anonymous_0)","decl":{"start":{"line":7,"column":2},"end":{"line":7,"column":12}},"loc":{"start":{"line":7,"column":21},"end":{"line":15,"column":3}}},"1":{"name":"(anonymous_1)","decl":{"start":{"line":17,"column":2},"end":{"line":17,"column":18}},"loc":{"start":{"line":17,"column":22},"end":{"line":27,"column":3}}},"2":{"name":"(anonymous_2)","decl":{"start":{"line":20,"column":12},"end":{"line":20,"column":19}},"loc":{"start":{"line":20,"column":24},"end":{"line":18,"column":4}}},"3":{"name":"(anonymous_3)","decl":{"start":{"line":22,"column":25},"end":{"line":22,"column":27}},"loc":{"start":{"line":22,"column":32},"end":{"line":22,"column":8}}},"4":{"name":"(anonymous_4)","decl":{"start":{"line":29,"column":2},"end":{"line":29,"column":17}},"loc":{"start":{"line":29,"column":21},"end":{"line":37,"column":3}}},"5":{"name":"(anonymous_5)","decl":{"start":{"line":30,"column":37},"end":{"line":30,"column":38}},"loc":{"start":{"line":30,"column":50},"end":{"line":30,"column":11}}},"6":{"name":"(anonymous_6)","decl":{"start":{"line":39,"column":2},"end":{"line":39,"column":7}},"loc":{"start":{"line":39,"column":11},"end":{"line":53,"column":3}}}},"branchMap":{"0":{"loc":{"start":{"line":40,"column":32},"end":{"line":40,"column":11}},"type":"cond-expr","locations":[{"start":{"line":40,"column":32},"end":{"line":40,"column":11}},{"start":{"line":41,"column":6},"end":{"line":40,"column":4}}]}},"s":{"0":0,"1":0,"2":0,"3":0,"4":0,"5":0,"6":0,"7":0,"8":0,"9":0,"10":0,"11":0,"12":0,"13":0,"14":0,"15":0},"f":{"0":0,"1":0,"2":0,"3":0,"4":0,"5":0,"6":0},"b":{"0":[0,0]}}
,"/Users/josephziemba/Projects/dnd-stat-block-creator/src/StatblockGenerator/StatblockGenerator.js": {"path":"/Users/josephziemba/Projects/dnd-stat-block-creator/src/StatblockGenerator/StatblockGenerator.js","statementMap":{"0":{"start":{"line":1,"column":0},"end":{"line":null,"column":-1}},"1":{"start":{"line":3,"column":0},"end":{"line":null,"column":-1}},"2":{"start":{"line":4,"column":0},"end":{"line":null,"column":-1}},"3":{"start":{"line":5,"column":0},"end":{"line":null,"column":-1}},"4":{"start":{"line":6,"column":0},"end":{"line":null,"column":-1}},"5":{"start":{"line":7,"column":0},"end":{"line":null,"column":-1}},"6":{"start":{"line":9,"column":21},"end":{"line":9,"column":0}},"7":{"start":{"line":92,"column":4},"end":{"line":null,"column":-1}},"8":{"start":{"line":94,"column":4},"end":{"line":null,"column":-1}},"9":{"start":{"line":98,"column":4},"end":{"line":null,"column":-1}},"10":{"start":{"line":99,"column":4},"end":{"line":null,"column":-1}},"11":{"start":{"line":100,"column":4},"end":{"line":null,"column":-1}},"12":{"start":{"line":101,"column":4},"end":{"line":null,"column":-1}},"13":{"start":{"line":102,"column":4},"end":{"line":null,"column":-1}},"14":{"start":{"line":103,"column":4},"end":{"line":null,"column":-1}},"15":{"start":{"line":104,"column":4},"end":{"line":null,"column":-1}},"16":{"start":{"line":105,"column":4},"end":{"line":null,"column":-1}},"17":{"start":{"line":106,"column":4},"end":{"line":null,"column":-1}},"18":{"start":{"line":107,"column":4},"end":{"line":null,"column":-1}},"19":{"start":{"line":108,"column":4},"end":{"line":null,"column":-1}},"20":{"start":{"line":109,"column":4},"end":{"line":null,"column":-1}},"21":{"start":{"line":110,"column":4},"end":{"line":null,"column":-1}},"22":{"start":{"line":111,"column":4},"end":{"line":null,"column":-1}},"23":{"start":{"line":115,"column":26},"end":{"line":114,"column":22}},"24":{"start":{"line":116,"column":4},"end":{"line":121,"column":5}},"25":{"start":{"line":117,"column":6},"end":{"line":null,"column":-1}},"26":{"start":{"line":119,"column":10},"end":{"line":null,"column":-1}},"27":{"start":{"line":122,"column":16},"end":{"line":122,"column":4}},"28":{"start":{"line":138,"column":4},"end":{"line":null,"column":-1}},"29":{"start":{"line":142,"column":4},"end":{"line":null,"column":-1}},"30":{"start":{"line":148,"column":4},"end":{"line":null,"column":-1}},"31":{"start":{"line":154,"column":26},"end":{"line":153,"column":17}},"32":{"start":{"line":153,"column":17},"end":{"line":153,"column":16}},"33":{"start":{"line":155,"column":4},"end":{"line":null,"column":-1}},"34":{"start":{"line":161,"column":23},"end":{"line":161,"column":4}},"35":{"start":{"line":163,"column":4},"end":{"line":null,"column":-1}},"36":{"start":{"line":165,"column":4},"end":{"line":null,"column":-1}},"37":{"start":{"line":171,"column":20},"end":{"line":171,"column":4}},"38":{"start":{"line":172,"column":13},"end":{"line":172,"column":4}},"39":{"start":{"line":176,"column":4},"end":{"line":null,"column":-1}},"40":{"start":{"line":182,"column":20},"end":{"line":182,"column":4}},"41":{"start":{"line":183,"column":13},"end":{"line":183,"column":4}},"42":{"start":{"line":187,"column":4},"end":{"line":null,"column":-1}},"43":{"start":{"line":193,"column":17},"end":{"line":193,"column":4}},"44":{"start":{"line":194,"column":4},"end":{"line":null,"column":-1}},"45":{"start":{"line":200,"column":22},"end":{"line":200,"column":4}},"46":{"start":{"line":202,"column":4},"end":{"line":null,"column":-1}},"47":{"start":{"line":208,"column":4},"end":{"line":null,"column":-1}},"48":{"start":{"line":214,"column":26},"end":{"line":213,"column":30}},"49":{"start":{"line":213,"column":30},"end":{"line":213,"column":29}},"50":{"start":{"line":215,"column":22},"end":{"line":215,"column":4}},"51":{"start":{"line":216,"column":6},"end":{"line":218,"column":7}},"52":{"start":{"line":217,"column":8},"end":{"line":null,"column":-1}},"53":{"start":{"line":219,"column":6},"end":{"line":null,"column":-1}},"54":{"start":{"line":222,"column":4},"end":{"line":null,"column":-1}},"55":{"start":{"line":228,"column":21},"end":{"line":228,"column":4}},"56":{"start":{"line":232,"column":4},"end":{"line":null,"column":-1}},"57":{"start":{"line":234,"column":8},"end":{"line":null,"column":-1}},"58":{"start":{"line":239,"column":8},"end":{"line":null,"column":-1}},"59":{"start":{"line":241,"column":8},"end":{"line":null,"column":-1}},"60":{"start":{"line":255,"column":8},"end":{"line":null,"column":-1}},"61":{"start":{"line":257,"column":8},"end":{"line":null,"column":-1}},"62":{"start":{"line":271,"column":8},"end":{"line":null,"column":-1}},"63":{"start":{"line":273,"column":8},"end":{"line":null,"column":-1}},"64":{"start":{"line":276,"column":4},"end":{"line":null,"column":-1}},"65":{"start":{"line":278,"column":4},"end":{"line":null,"column":-1}},"66":{"start":{"line":284,"column":26},"end":{"line":283,"column":39}},"67":{"start":{"line":283,"column":39},"end":{"line":283,"column":38}},"68":{"start":{"line":288,"column":4},"end":{"line":292,"column":5}},"69":{"start":{"line":289,"column":6},"end":{"line":null,"column":-1}},"70":{"start":{"line":291,"column":6},"end":{"line":null,"column":-1}},"71":{"start":{"line":294,"column":21},"end":{"line":294,"column":4}},"72":{"start":{"line":295,"column":6},"end":{"line":303,"column":7}},"73":{"start":{"line":296,"column":8},"end":{"line":302,"column":9}},"74":{"start":{"line":297,"column":10},"end":{"line":null,"column":-1}},"75":{"start":{"line":298,"column":15},"end":{"line":302,"column":9}},"76":{"start":{"line":299,"column":10},"end":{"line":null,"column":-1}},"77":{"start":{"line":301,"column":10},"end":{"line":null,"column":-1}},"78":{"start":{"line":304,"column":6},"end":{"line":null,"column":-1}},"79":{"start":{"line":307,"column":4},"end":{"line":315,"column":5}},"80":{"start":{"line":308,"column":6},"end":{"line":null,"column":-1}},"81":{"start":{"line":312,"column":6},"end":{"line":null,"column":-1}},"82":{"start":{"line":321,"column":4},"end":{"line":325,"column":5}},"83":{"start":{"line":322,"column":6},"end":{"line":null,"column":-1}},"84":{"start":{"line":324,"column":6},"end":{"line":null,"column":-1}},"85":{"start":{"line":327,"column":21},"end":{"line":327,"column":4}},"86":{"start":{"line":327,"column":46},"end":{"line":327,"column":21}},"87":{"start":{"line":329,"column":4},"end":{"line":337,"column":5}},"88":{"start":{"line":330,"column":6},"end":{"line":null,"column":-1}},"89":{"start":{"line":334,"column":6},"end":{"line":null,"column":-1}},"90":{"start":{"line":341,"column":19},"end":{"line":341,"column":4}},"91":{"start":{"line":341,"column":51},"end":{"line":341,"column":19}},"92":{"start":{"line":343,"column":4},"end":{"line":null,"column":-1}},"93":{"start":{"line":349,"column":21},"end":{"line":349,"column":4}},"94":{"start":{"line":351,"column":20},"end":{"line":351,"column":4}},"95":{"start":{"line":357,"column":4},"end":{"line":null,"column":-1}},"96":{"start":{"line":359,"column":4},"end":{"line":null,"column":-1}},"97":{"start":{"line":365,"column":4},"end":{"line":null,"column":-1}},"98":{"start":{"line":426,"column":0},"end":{"line":null,"column":-1}}},"fnMap":{"0":{"name":"(anonymous_0)","decl":{"start":{"line":91,"column":2},"end":{"line":91,"column":12}},"loc":{"start":{"line":91,"column":21},"end":{"line":112,"column":3}}},"1":{"name":"(anonymous_1)","decl":{"start":{"line":114,"column":2},"end":{"line":114,"column":18}},"loc":{"start":{"line":114,"column":22},"end":{"line":135,"column":3}}},"2":{"name":"(anonymous_2)","decl":{"start":{"line":118,"column":14},"end":{"line":118,"column":21}},"loc":{"start":{"line":118,"column":26},"end":{"line":117,"column":6}}},"3":{"name":"(anonymous_3)","decl":{"start":{"line":137,"column":2},"end":{"line":137,"column":19}},"loc":{"start":{"line":137,"column":23},"end":{"line":139,"column":3}}},"4":{"name":"(anonymous_4)","decl":{"start":{"line":141,"column":2},"end":{"line":141,"column":17}},"loc":{"start":{"line":141,"column":21},"end":{"line":145,"column":3}}},"5":{"name":"(anonymous_5)","decl":{"start":{"line":147,"column":2},"end":{"line":147,"column":6}},"loc":{"start":{"line":147,"column":10},"end":{"line":151,"column":3}}},"6":{"name":"(anonymous_6)","decl":{"start":{"line":153,"column":2},"end":{"line":153,"column":12}},"loc":{"start":{"line":153,"column":17},"end":{"line":158,"column":3}}},"7":{"name":"(anonymous_7)","decl":{"start":{"line":160,"column":2},"end":{"line":160,"column":14}},"loc":{"start":{"line":160,"column":32},"end":{"line":168,"column":3}}},"8":{"name":"(anonymous_8)","decl":{"start":{"line":170,"column":2},"end":{"line":170,"column":9}},"loc":{"start":{"line":170,"column":14},"end":{"line":179,"column":3}}},"9":{"name":"(anonymous_9)","decl":{"start":{"line":181,"column":2},"end":{"line":181,"column":9}},"loc":{"start":{"line":181,"column":14},"end":{"line":190,"column":3}}},"10":{"name":"(anonymous_10)","decl":{"start":{"line":192,"column":2},"end":{"line":192,"column":19}},"loc":{"start":{"line":192,"column":46},"end":{"line":197,"column":3}}},"11":{"name":"(anonymous_11)","decl":{"start":{"line":199,"column":2},"end":{"line":199,"column":11}},"loc":{"start":{"line":199,"column":15},"end":{"line":211,"column":3}}},"12":{"name":"(anonymous_12)","decl":{"start":{"line":213,"column":2},"end":{"line":213,"column":14}},"loc":{"start":{"line":213,"column":30},"end":{"line":225,"column":3}}},"13":{"name":"(anonymous_13)","decl":{"start":{"line":215,"column":46},"end":{"line":215,"column":49}},"loc":{"start":{"line":215,"column":54},"end":{"line":215,"column":22}}},"14":{"name":"(anonymous_14)","decl":{"start":{"line":227,"column":2},"end":{"line":227,"column":10}},"loc":{"start":{"line":227,"column":24},"end":{"line":281,"column":3}}},"15":{"name":"(anonymous_15)","decl":{"start":{"line":283,"column":2},"end":{"line":283,"column":13}},"loc":{"start":{"line":283,"column":39},"end":{"line":316,"column":3}}},"16":{"name":"(anonymous_16)","decl":{"start":{"line":294,"column":33},"end":{"line":294,"column":34}},"loc":{"start":{"line":294,"column":48},"end":{"line":294,"column":21}}},"17":{"name":"(anonymous_17)","decl":{"start":{"line":318,"column":2},"end":{"line":318,"column":13}},"loc":{"start":{"line":318,"column":36},"end":{"line":338,"column":3}}},"18":{"name":"(anonymous_18)","decl":{"start":{"line":327,"column":36},"end":{"line":327,"column":41}},"loc":{"start":{"line":327,"column":46},"end":{"line":327,"column":21}}},"19":{"name":"(anonymous_19)","decl":{"start":{"line":340,"column":2},"end":{"line":340,"column":14}},"loc":{"start":{"line":340,"column":27},"end":{"line":346,"column":3}}},"20":{"name":"(anonymous_20)","decl":{"start":{"line":341,"column":46},"end":{"line":341,"column":47}},"loc":{"start":{"line":341,"column":51},"end":{"line":341,"column":19}}},"21":{"name":"(anonymous_21)","decl":{"start":{"line":348,"column":2},"end":{"line":348,"column":19}},"loc":{"start":{"line":348,"column":23},"end":{"line":362,"column":3}}},"22":{"name":"(anonymous_22)","decl":{"start":{"line":364,"column":2},"end":{"line":364,"column":7}},"loc":{"start":{"line":364,"column":11},"end":{"line":423,"column":3}}}},"branchMap":{"0":{"loc":{"start":{"line":116,"column":4},"end":{"line":121,"column":5}},"type":"if","locations":[{"start":{"line":116,"column":4},"end":{"line":121,"column":5}},{"start":{"line":116,"column":4},"end":{"line":121,"column":5}}]},"1":{"loc":{"start":{"line":216,"column":6},"end":{"line":218,"column":7}},"type":"if","locations":[{"start":{"line":216,"column":6},"end":{"line":218,"column":7}},{"start":{"line":216,"column":6},"end":{"line":218,"column":7}}]},"2":{"loc":{"start":{"line":233,"column":6},"end":{"line":239,"column":8}},"type":"switch","locations":[{"start":{"line":233,"column":6},"end":{"line":239,"column":8}},{"start":{"line":240,"column":6},"end":{"line":255,"column":8}},{"start":{"line":256,"column":6},"end":{"line":271,"column":8}},{"start":{"line":272,"column":6},"end":{"line":273,"column":8}}]},"3":{"loc":{"start":{"line":288,"column":4},"end":{"line":292,"column":5}},"type":"if","locations":[{"start":{"line":288,"column":4},"end":{"line":292,"column":5}},{"start":{"line":288,"column":4},"end":{"line":292,"column":5}}]},"4":{"loc":{"start":{"line":295,"column":6},"end":{"line":303,"column":7}},"type":"if","locations":[{"start":{"line":295,"column":6},"end":{"line":303,"column":7}},{"start":{"line":295,"column":6},"end":{"line":303,"column":7}}]},"5":{"loc":{"start":{"line":296,"column":8},"end":{"line":302,"column":9}},"type":"if","locations":[{"start":{"line":296,"column":8},"end":{"line":302,"column":9}},{"start":{"line":296,"column":8},"end":{"line":302,"column":9}}]},"6":{"loc":{"start":{"line":298,"column":15},"end":{"line":302,"column":9}},"type":"if","locations":[{"start":{"line":298,"column":15},"end":{"line":302,"column":9}},{"start":{"line":298,"column":15},"end":{"line":302,"column":9}}]},"7":{"loc":{"start":{"line":307,"column":4},"end":{"line":315,"column":5}},"type":"if","locations":[{"start":{"line":307,"column":4},"end":{"line":315,"column":5}},{"start":{"line":307,"column":4},"end":{"line":315,"column":5}}]},"8":{"loc":{"start":{"line":321,"column":4},"end":{"line":325,"column":5}},"type":"if","locations":[{"start":{"line":321,"column":4},"end":{"line":325,"column":5}},{"start":{"line":321,"column":4},"end":{"line":325,"column":5}}]},"9":{"loc":{"start":{"line":329,"column":4},"end":{"line":337,"column":5}},"type":"if","locations":[{"start":{"line":329,"column":4},"end":{"line":337,"column":5}},{"start":{"line":329,"column":4},"end":{"line":337,"column":5}}]},"10":{"loc":{"start":{"line":374,"column":11},"end":{"line":374,"column":10}},"type":"binary-expr","locations":[{"start":{"line":374,"column":11},"end":{"line":374,"column":10}},{"start":{"line":375,"column":12},"end":{"line":367,"column":8}}]},"11":{"loc":{"start":{"line":390,"column":11},"end":{"line":390,"column":10}},"type":"binary-expr","locations":[{"start":{"line":390,"column":11},"end":{"line":390,"column":10}},{"start":{"line":391,"column":12},"end":{"line":367,"column":8}}]}},"s":{"0":0,"1":0,"2":0,"3":0,"4":0,"5":0,"6":0,"7":0,"8":0,"9":0,"10":0,"11":0,"12":0,"13":0,"14":0,"15":0,"16":0,"17":0,"18":0,"19":0,"20":0,"21":0,"22":0,"23":0,"24":0,"25":0,"26":0,"27":0,"28":0,"29":0,"30":0,"31":0,"32":0,"33":0,"34":0,"35":0,"36":0,"37":0,"38":0,"39":0,"40":0,"41":0,"42":0,"43":0,"44":0,"45":0,"46":0,"47":0,"48":0,"49":0,"50":0,"51":0,"52":0,"53":0,"54":0,"55":0,"56":0,"57":0,"58":0,"59":0,"60":0,"61":0,"62":0,"63":0,"64":0,"65":0,"66":0,"67":0,"68":0,"69":0,"70":0,"71":0,"72":0,"73":0,"74":0,"75":0,"76":0,"77":0,"78":0,"79":0,"80":0,"81":0,"82":0,"83":0,"84":0,"85":0,"86":0,"87":0,"88":0,"89":0,"90":0,"91":0,"92":0,"93":0,"94":0,"95":0,"96":0,"97":0,"98":0},"f":{"0":0,"1":0,"2":0,"3":0,"4":0,"5":0,"6":0,"7":0,"8":0,"9":0,"10":0,"11":0,"12":0,"13":0,"14":0,"15":0,"16":0,"17":0,"18":0,"19":0,"20":0,"21":0,"22":0},"b":{"0":[0,0],"1":[0,0],"2":[0,0,0,0],"3":[0,0],"4":[0,0],"5":[0,0],"6":[0,0],"7":[0,0],"8":[0,0],"9":[0,0],"10":[0,0],"11":[0,0]}}
,"/Users/josephziemba/Projects/dnd-stat-block-creator/src/StatblockGenerator/index.js": {"path":"/Users/josephziemba/Projects/dnd-stat-block-creator/src/StatblockGenerator/index.js","statementMap":{"0":{"start":{"line":1,"column":0},"end":{"line":null,"column":-1}}},"fnMap":{},"branchMap":{},"s":{"0":0},"f":{},"b":{}}
,"/Users/josephziemba/Projects/dnd-stat-block-creator/src/StatblockGenerator/_components/Actions.js": {"path":"/Users/josephziemba/Projects/dnd-stat-block-creator/src/StatblockGenerator/_components/Actions.js","statementMap":{"0":{"start":{"line":1,"column":0},"end":{"line":null,"column":-1}},"1":{"start":{"line":3,"column":0},"end":{"line":null,"column":-1}},"2":{"start":{"line":4,"column":0},"end":{"line":null,"column":-1}},"3":{"start":{"line":8,"column":4},"end":{"line":null,"column":-1}},"4":{"start":{"line":10,"column":4},"end":{"line":null,"column":-1}},"5":{"start":{"line":17,"column":20},"end":{"line":17,"column":4}},"6":{"start":{"line":18,"column":4},"end":{"line":null,"column":-1}},"7":{"start":{"line":19,"column":6},"end":{"line":58,"column":7}},"8":{"start":{"line":20,"column":8},"end":{"line":null,"column":-1}},"9":{"start":{"line":24,"column":29},"end":{"line":22,"column":12}},"10":{"start":{"line":38,"column":20},"end":{"line":31,"column":16}},"11":{"start":{"line":51,"column":20},"end":{"line":43,"column":16}},"12":{"start":{"line":60,"column":6},"end":{"line":70,"column":7}},"13":{"start":{"line":61,"column":8},"end":{"line":null,"column":-1}},"14":{"start":{"line":72,"column":6},"end":{"line":null,"column":-1}},"15":{"start":{"line":77,"column":4},"end":{"line":null,"column":-1}},"16":{"start":{"line":92,"column":25},"end":{"line":89,"column":8}},"17":{"start":{"line":101,"column":29},"end":{"line":98,"column":12}},"18":{"start":{"line":108,"column":29},"end":{"line":105,"column":12}}},"fnMap":{"0":{"name":"(anonymous_0)","decl":{"start":{"line":7,"column":2},"end":{"line":7,"column":12}},"loc":{"start":{"line":7,"column":21},"end":{"line":14,"column":3}}},"1":{"name":"(anonymous_1)","decl":{"start":{"line":16,"column":2},"end":{"line":16,"column":14}},"loc":{"start":{"line":16,"column":18},"end":{"line":74,"column":3}}},"2":{"name":"(anonymous_2)","decl":{"start":{"line":18,"column":34},"end":{"line":18,"column":35}},"loc":{"start":{"line":18,"column":49},"end":{"line":18,"column":11}}},"3":{"name":"(anonymous_3)","decl":{"start":{"line":24,"column":23},"end":{"line":24,"column":28}},"loc":{"start":{"line":24,"column":29},"end":{"line":22,"column":12}}},"4":{"name":"(anonymous_4)","decl":{"start":{"line":37,"column":28},"end":{"line":37,"column":29}},"loc":{"start":{"line":38,"column":20},"end":{"line":31,"column":16}}},"5":{"name":"(anonymous_5)","decl":{"start":{"line":50,"column":28},"end":{"line":50,"column":29}},"loc":{"start":{"line":51,"column":20},"end":{"line":43,"column":16}}},"6":{"name":"(anonymous_6)","decl":{"start":{"line":76,"column":2},"end":{"line":76,"column":7}},"loc":{"start":{"line":76,"column":11},"end":{"line":116,"column":3}}},"7":{"name":"(anonymous_7)","decl":{"start":{"line":92,"column":19},"end":{"line":92,"column":24}},"loc":{"start":{"line":92,"column":25},"end":{"line":89,"column":8}}},"8":{"name":"(anonymous_8)","decl":{"start":{"line":101,"column":23},"end":{"line":101,"column":28}},"loc":{"start":{"line":101,"column":29},"end":{"line":98,"column":12}}},"9":{"name":"(anonymous_9)","decl":{"start":{"line":108,"column":23},"end":{"line":108,"column":28}},"loc":{"start":{"line":108,"column":29},"end":{"line":105,"column":12}}}},"branchMap":{"0":{"loc":{"start":{"line":19,"column":6},"end":{"line":58,"column":7}},"type":"if","locations":[{"start":{"line":19,"column":6},"end":{"line":58,"column":7}},{"start":{"line":19,"column":6},"end":{"line":58,"column":7}}]},"1":{"loc":{"start":{"line":60,"column":6},"end":{"line":70,"column":7}},"type":"if","locations":[{"start":{"line":60,"column":6},"end":{"line":70,"column":7}},{"start":{"line":60,"column":6},"end":{"line":70,"column":7}}]},"2":{"loc":{"start":{"line":79,"column":9},"end":{"line":79,"column":8}},"type":"binary-expr","locations":[{"start":{"line":79,"column":9},"end":{"line":79,"column":8}},{"start":{"line":80,"column":10},"end":{"line":78,"column":6}}]},"3":{"loc":{"start":{"line":96,"column":9},"end":{"line":96,"column":8}},"type":"binary-expr","locations":[{"start":{"line":96,"column":9},"end":{"line":96,"column":8}},{"start":{"line":97,"column":10},"end":{"line":78,"column":6}}]}},"s":{"0":0,"1":0,"2":0,"3":0,"4":0,"5":0,"6":0,"7":0,"8":0,"9":0,"10":0,"11":0,"12":0,"13":0,"14":0,"15":0,"16":0,"17":0,"18":0},"f":{"0":0,"1":0,"2":0,"3":0,"4":0,"5":0,"6":0,"7":0,"8":0,"9":0},"b":{"0":[0,0],"1":[0,0],"2":[0,0],"3":[0,0]}}
,"/Users/josephziemba/Projects/dnd-stat-block-creator/src/StatblockGenerator/_components/AttackForm.js": {"path":"/Users/josephziemba/Projects/dnd-stat-block-creator/src/StatblockGenerator/_components/AttackForm.js","statementMap":{"0":{"start":{"line":1,"column":0},"end":{"line":null,"column":-1}},"1":{"start":{"line":2,"column":0},"end":{"line":null,"column":-1}},"2":{"start":{"line":4,"column":20},"end":{"line":4,"column":0}},"3":{"start":{"line":5,"column":2},"end":{"line":null,"column":-1}},"4":{"start":{"line":8,"column":54},"end":{"line":8,"column":8}},"5":{"start":{"line":18,"column":29},"end":{"line":12,"column":10}},"6":{"start":{"line":27,"column":29},"end":{"line":22,"column":10}},"7":{"start":{"line":36,"column":29},"end":{"line":31,"column":10}},"8":{"start":{"line":45,"column":29},"end":{"line":40,"column":10}},"9":{"start":{"line":56,"column":29},"end":{"line":51,"column":10}},"10":{"start":{"line":65,"column":29},"end":{"line":60,"column":10}},"11":{"start":{"line":74,"column":29},"end":{"line":69,"column":10}},"12":{"start":{"line":84,"column":30},"end":{"line":80,"column":12}}},"fnMap":{"0":{"name":"(anonymous_0)","decl":{"start":{"line":4,"column":20},"end":{"line":4,"column":18}},"loc":{"start":{"line":4,"column":30},"end":{"line":4,"column":0}}},"1":{"name":"(anonymous_1)","decl":{"start":{"line":8,"column":48},"end":{"line":8,"column":53}},"loc":{"start":{"line":8,"column":54},"end":{"line":8,"column":8}}},"2":{"name":"(anonymous_2)","decl":{"start":{"line":18,"column":23},"end":{"line":18,"column":22}},"loc":{"start":{"line":18,"column":29},"end":{"line":12,"column":10}}},"3":{"name":"(anonymous_3)","decl":{"start":{"line":27,"column":23},"end":{"line":27,"column":22}},"loc":{"start":{"line":27,"column":29},"end":{"line":22,"column":10}}},"4":{"name":"(anonymous_4)","decl":{"start":{"line":36,"column":23},"end":{"line":36,"column":22}},"loc":{"start":{"line":36,"column":29},"end":{"line":31,"column":10}}},"5":{"name":"(anonymous_5)","decl":{"start":{"line":45,"column":23},"end":{"line":45,"column":22}},"loc":{"start":{"line":45,"column":29},"end":{"line":40,"column":10}}},"6":{"name":"(anonymous_6)","decl":{"start":{"line":56,"column":23},"end":{"line":56,"column":22}},"loc":{"start":{"line":56,"column":29},"end":{"line":51,"column":10}}},"7":{"name":"(anonymous_7)","decl":{"start":{"line":65,"column":23},"end":{"line":65,"column":22}},"loc":{"start":{"line":65,"column":29},"end":{"line":60,"column":10}}},"8":{"name":"(anonymous_8)","decl":{"start":{"line":74,"column":23},"end":{"line":74,"column":22}},"loc":{"start":{"line":74,"column":29},"end":{"line":69,"column":10}}},"9":{"name":"(anonymous_9)","decl":{"start":{"line":84,"column":24},"end":{"line":84,"column":23}},"loc":{"start":{"line":84,"column":30},"end":{"line":80,"column":12}}}},"branchMap":{"0":{"loc":{"start":{"line":41,"column":59},"end":{"line":41,"column":19}},"type":"cond-expr","locations":[{"start":{"line":41,"column":59},"end":{"line":41,"column":19}},{"start":{"line":41,"column":69},"end":{"line":40,"column":10}}]},"1":{"loc":{"start":{"line":81,"column":64},"end":{"line":81,"column":38}},"type":"cond-expr","locations":[{"start":{"line":81,"column":64},"end":{"line":81,"column":38}},{"start":{"line":81,"column":76},"end":{"line":81,"column":79}}]}},"s":{"0":0,"1":0,"2":0,"3":0,"4":0,"5":0,"6":0,"7":0,"8":0,"9":0,"10":0,"11":0,"12":0},"f":{"0":0,"1":0,"2":0,"3":0,"4":0,"5":0,"6":0,"7":0,"8":0,"9":0},"b":{"0":[0,0],"1":[0,0]}}
,"/Users/josephziemba/Projects/dnd-stat-block-creator/src/StatblockGenerator/_components/Features.js": {"path":"/Users/josephziemba/Projects/dnd-stat-block-creator/src/StatblockGenerator/_components/Features.js","statementMap":{"0":{"start":{"line":1,"column":0},"end":{"line":null,"column":-1}},"1":{"start":{"line":2,"column":0},"end":{"line":null,"column":-1}},"2":{"start":{"line":6,"column":4},"end":{"line":null,"column":-1}},"3":{"start":{"line":8,"column":4},"end":{"line":null,"column":-1}},"4":{"start":{"line":15,"column":4},"end":{"line":null,"column":-1}},"5":{"start":{"line":16,"column":6},"end":{"line":null,"column":-1}},"6":{"start":{"line":21,"column":29},"end":{"line":19,"column":12}},"7":{"start":{"line":32,"column":31},"end":{"line":26,"column":14}},"8":{"start":{"line":43,"column":31},"end":{"line":36,"column":14}},"9":{"start":{"line":53,"column":4},"end":{"line":null,"column":-1}}},"fnMap":{"0":{"name":"(anonymous_0)","decl":{"start":{"line":5,"column":2},"end":{"line":5,"column":12}},"loc":{"start":{"line":5,"column":21},"end":{"line":12,"column":3}}},"1":{"name":"(anonymous_1)","decl":{"start":{"line":14,"column":2},"end":{"line":14,"column":15}},"loc":{"start":{"line":14,"column":19},"end":{"line":50,"column":3}}},"2":{"name":"(anonymous_2)","decl":{"start":{"line":15,"column":35},"end":{"line":15,"column":36}},"loc":{"start":{"line":15,"column":51},"end":{"line":15,"column":11}}},"3":{"name":"(anonymous_3)","decl":{"start":{"line":21,"column":23},"end":{"line":21,"column":28}},"loc":{"start":{"line":21,"column":29},"end":{"line":19,"column":12}}},"4":{"name":"(anonymous_4)","decl":{"start":{"line":32,"column":26},"end":{"line":32,"column":27}},"loc":{"start":{"line":32,"column":31},"end":{"line":26,"column":14}}},"5":{"name":"(anonymous_5)","decl":{"start":{"line":43,"column":26},"end":{"line":43,"column":27}},"loc":{"start":{"line":43,"column":31},"end":{"line":36,"column":14}}},"6":{"name":"(anonymous_6)","decl":{"start":{"line":52,"column":2},"end":{"line":52,"column":7}},"loc":{"start":{"line":52,"column":11},"end":{"line":65,"column":3}}}},"branchMap":{},"s":{"0":0,"1":0,"2":0,"3":0,"4":0,"5":0,"6":0,"7":0,"8":0,"9":0},"f":{"0":0,"1":0,"2":0,"3":0,"4":0,"5":0,"6":0},"b":{}}
,"/Users/josephziemba/Projects/dnd-stat-block-creator/src/StatblockGenerator/_components/GeneratorNav.js": {"path":"/Users/josephziemba/Projects/dnd-stat-block-creator/src/StatblockGenerator/_components/GeneratorNav.js","statementMap":{"0":{"start":{"line":1,"column":0},"end":{"line":null,"column":-1}},"1":{"start":{"line":2,"column":0},"end":{"line":null,"column":-1}},"2":{"start":{"line":4,"column":21},"end":{"line":4,"column":0}},"3":{"start":{"line":5,"column":2},"end":{"line":null,"column":-1}},"4":{"start":{"line":32,"column":16},"end":{"line":null,"column":-1}}},"fnMap":{"0":{"name":"(anonymous_0)","decl":{"start":{"line":4,"column":21},"end":{"line":4,"column":25}},"loc":{"start":{"line":4,"column":30},"end":{"line":4,"column":0}}},"1":{"name":"(anonymous_1)","decl":{"start":{"line":31,"column":23},"end":{"line":31,"column":28}},"loc":{"start":{"line":31,"column":29},"end":{"line":29,"column":12}}}},"branchMap":{"0":{"loc":{"start":{"line":24,"column":34},"end":{"line":24,"column":15}},"type":"cond-expr","locations":[{"start":{"line":24,"column":34},"end":{"line":24,"column":15}},{"start":{"line":24,"column":48},"end":{"line":20,"column":12}}]}},"s":{"0":0,"1":0,"2":0,"3":0,"4":0},"f":{"0":0,"1":0},"b":{"0":[0,0]}}
,"/Users/josephziemba/Projects/dnd-stat-block-creator/src/StatblockGenerator/_components/StatBlockDisplay.js": {"path":"/Users/josephziemba/Projects/dnd-stat-block-creator/src/StatblockGenerator/_components/StatBlockDisplay.js","statementMap":{"0":{"start":{"line":1,"column":0},"end":{"line":null,"column":-1}},"1":{"start":{"line":3,"column":0},"end":{"line":null,"column":-1}},"2":{"start":{"line":7,"column":24},"end":{"line":6,"column":20}},"3":{"start":{"line":8,"column":27},"end":{"line":8,"column":4}},"4":{"start":{"line":9,"column":4},"end":{"line":null,"column":-1}},"5":{"start":{"line":10,"column":18},"end":{"line":10,"column":6}},"6":{"start":{"line":11,"column":16},"end":{"line":11,"column":6}},"7":{"start":{"line":13,"column":6},"end":{"line":null,"column":-1}},"8":{"start":{"line":26,"column":23},"end":{"line":25,"column":19}},"9":{"start":{"line":28,"column":4},"end":{"line":null,"column":-1}},"10":{"start":{"line":29,"column":6},"end":{"line":null,"column":-1}},"11":{"start":{"line":40,"column":4},"end":{"line":null,"column":-1}},"12":{"start":{"line":44,"column":22},"end":{"line":43,"column":27}},"13":{"start":{"line":46,"column":4},"end":{"line":48,"column":5}},"14":{"start":{"line":47,"column":6},"end":{"line":null,"column":-1}},"15":{"start":{"line":50,"column":4},"end":{"line":null,"column":-1}},"16":{"start":{"line":51,"column":6},"end":{"line":95,"column":7}},"17":{"start":{"line":60,"column":12},"end":{"line":51,"column":25}},"18":{"start":{"line":51,"column":25},"end":{"line":51,"column":24}},"19":{"start":{"line":63,"column":8},"end":{"line":51,"column":25}},"20":{"start":{"line":64,"column":10},"end":{"line":null,"column":-1}},"21":{"start":{"line":66,"column":10},"end":{"line":null,"column":-1}},"22":{"start":{"line":71,"column":19},"end":{"line":71,"column":8}},"23":{"start":{"line":73,"column":23},"end":{"line":73,"column":8}},"24":{"start":{"line":74,"column":21},"end":{"line":74,"column":8}},"25":{"start":{"line":75,"column":8},"end":{"line":78,"column":9}},"26":{"start":{"line":76,"column":10},"end":{"line":null,"column":-1}},"27":{"start":{"line":77,"column":10},"end":{"line":null,"column":-1}},"28":{"start":{"line":80,"column":22},"end":{"line":80,"column":8}},"29":{"start":{"line":82,"column":8},"end":{"line":82,"column":18}},"30":{"start":{"line":82,"column":18},"end":{"line":null,"column":-1}},"31":{"start":{"line":84,"column":8},"end":{"line":null,"column":-1}},"32":{"start":{"line":97,"column":6},"end":{"line":105,"column":7}},"33":{"start":{"line":98,"column":8},"end":{"line":null,"column":-1}},"34":{"start":{"line":106,"column":6},"end":{"line":null,"column":-1}},"35":{"start":{"line":111,"column":20},"end":{"line":110,"column":11}},"36":{"start":{"line":112,"column":24},"end":{"line":110,"column":11}},"37":{"start":{"line":113,"column":39},"end":{"line":110,"column":11}},"38":{"start":{"line":110,"column":11},"end":{"line":110,"column":10}},"39":{"start":{"line":115,"column":17},"end":{"line":115,"column":4}},"40":{"start":{"line":117,"column":4},"end":{"line":null,"column":-1}},"41":{"start":{"line":118,"column":4},"end":{"line":null,"column":-1}},"42":{"start":{"line":121,"column":7},"end":{"line":120,"column":4}},"43":{"start":{"line":123,"column":14},"end":{"line":123,"column":4}},"44":{"start":{"line":125,"column":21},"end":{"line":125,"column":4}},"45":{"start":{"line":129,"column":4},"end":{"line":null,"column":-1}}},"fnMap":{"0":{"name":"(anonymous_0)","decl":{"start":{"line":6,"column":2},"end":{"line":6,"column":16}},"loc":{"start":{"line":6,"column":20},"end":{"line":23,"column":3}}},"1":{"name":"(anonymous_1)","decl":{"start":{"line":9,"column":32},"end":{"line":9,"column":38}},"loc":{"start":{"line":9,"column":43},"end":{"line":9,"column":11}}},"2":{"name":"(anonymous_2)","decl":{"start":{"line":25,"column":2},"end":{"line":25,"column":15}},"loc":{"start":{"line":25,"column":19},"end":{"line":37,"column":3}}},"3":{"name":"(anonymous_3)","decl":{"start":{"line":28,"column":24},"end":{"line":28,"column":30}},"loc":{"start":{"line":28,"column":35},"end":{"line":28,"column":11}}},"4":{"name":"(anonymous_4)","decl":{"start":{"line":39,"column":2},"end":{"line":39,"column":14}},"loc":{"start":{"line":39,"column":23},"end":{"line":41,"column":3}}},"5":{"name":"(anonymous_5)","decl":{"start":{"line":43,"column":2},"end":{"line":43,"column":14}},"loc":{"start":{"line":43,"column":27},"end":{"line":108,"column":3}}},"6":{"name":"(anonymous_6)","decl":{"start":{"line":50,"column":23},"end":{"line":50,"column":24}},"loc":{"start":{"line":50,"column":38},"end":{"line":50,"column":11}}},"7":{"name":"(anonymous_7)","decl":{"start":{"line":110,"column":2},"end":{"line":110,"column":7}},"loc":{"start":{"line":110,"column":11},"end":{"line":220,"column":3}}}},"branchMap":{"0":{"loc":{"start":{"line":17,"column":32},"end":{"line":17,"column":22}},"type":"cond-expr","locations":[{"start":{"line":17,"column":32},"end":{"line":17,"column":22}},{"start":{"line":17,"column":37},"end":{"line":16,"column":10}}]},"1":{"loc":{"start":{"line":46,"column":4},"end":{"line":48,"column":5}},"type":"if","locations":[{"start":{"line":46,"column":4},"end":{"line":48,"column":5}},{"start":{"line":46,"column":4},"end":{"line":48,"column":5}}]},"2":{"loc":{"start":{"line":51,"column":6},"end":{"line":95,"column":7}},"type":"if","locations":[{"start":{"line":51,"column":6},"end":{"line":95,"column":7}},{"start":{"line":51,"column":6},"end":{"line":95,"column":7}}]},"3":{"loc":{"start":{"line":63,"column":8},"end":{"line":51,"column":25}},"type":"if","locations":[{"start":{"line":63,"column":8},"end":{"line":51,"column":25}},{"start":{"line":63,"column":8},"end":{"line":51,"column":25}}]},"4":{"loc":{"start":{"line":75,"column":8},"end":{"line":78,"column":9}},"type":"if","locations":[{"start":{"line":75,"column":8},"end":{"line":78,"column":9}},{"start":{"line":75,"column":8},"end":{"line":78,"column":9}}]},"5":{"loc":{"start":{"line":82,"column":8},"end":{"line":82,"column":18}},"type":"if","locations":[{"start":{"line":82,"column":8},"end":{"line":82,"column":18}},{"start":{"line":82,"column":8},"end":{"line":82,"column":18}}]},"6":{"loc":{"start":{"line":88,"column":29},"end":{"line":88,"column":16}},"type":"cond-expr","locations":[{"start":{"line":88,"column":29},"end":{"line":88,"column":16}},{"start":{"line":88,"column":35},"end":{"line":88,"column":38}}]},"7":{"loc":{"start":{"line":89,"column":47},"end":{"line":89,"column":13}},"type":"cond-expr","locations":[{"start":{"line":89,"column":47},"end":{"line":89,"column":13}},{"start":{"line":89,"column":57},"end":{"line":85,"column":10}}]},"8":{"loc":{"start":{"line":91,"column":43},"end":{"line":91,"column":29}},"type":"cond-expr","locations":[{"start":{"line":91,"column":43},"end":{"line":91,"column":29}},{"start":{"line":91,"column":49},"end":{"line":85,"column":10}}]},"9":{"loc":{"start":{"line":97,"column":6},"end":{"line":105,"column":7}},"type":"if","locations":[{"start":{"line":97,"column":6},"end":{"line":105,"column":7}},{"start":{"line":97,"column":6},"end":{"line":105,"column":7}}]},"10":{"loc":{"start":{"line":125,"column":65},"end":{"line":125,"column":55}},"type":"cond-expr","locations":[{"start":{"line":125,"column":65},"end":{"line":125,"column":55}},{"start":{"line":125,"column":71},"end":{"line":125,"column":75}}]},"11":{"loc":{"start":{"line":126,"column":16},"end":{"line":126,"column":6}},"type":"cond-expr","locations":[{"start":{"line":126,"column":16},"end":{"line":126,"column":6}},{"start":{"line":126,"column":27},"end":{"line":127,"column":5}}]},"12":{"loc":{"start":{"line":132,"column":52},"end":{"line":132,"column":32}},"type":"cond-expr","locations":[{"start":{"line":132,"column":52},"end":{"line":132,"column":32}},{"start":{"line":132,"column":74},"end":{"line":132,"column":77}}]},"13":{"loc":{"start":{"line":145,"column":13},"end":{"line":145,"column":12}},"type":"binary-expr","locations":[{"start":{"line":145,"column":13},"end":{"line":145,"column":12}},{"start":{"line":145,"column":34},"end":{"line":142,"column":10}}]},"14":{"loc":{"start":{"line":149,"column":24},"end":{"line":149,"column":21}},"type":"cond-expr","locations":[{"start":{"line":149,"column":24},"end":{"line":149,"column":21}},{"start":{"line":149,"column":35},"end":{"line":147,"column":10}}]},"15":{"loc":{"start":{"line":154,"column":35},"end":{"line":154,"column":13}},"type":"cond-expr","locations":[{"start":{"line":154,"column":35},"end":{"line":154,"column":13}},{"start":{"line":154,"column":66},"end":{"line":151,"column":10}}]},"16":{"loc":{"start":{"line":155,"column":36},"end":{"line":155,"column":13}},"type":"cond-expr","locations":[{"start":{"line":155,"column":36},"end":{"line":155,"column":13}},{"start":{"line":155,"column":69},"end":{"line":151,"column":10}}]},"17":{"loc":{"start":{"line":162,"column":11},"end":{"line":162,"column":10}},"type":"binary-expr","locations":[{"start":{"line":162,"column":11},"end":{"line":162,"column":10}},{"start":{"line":163,"column":12},"end":{"line":161,"column":8}}]},"18":{"loc":{"start":{"line":168,"column":11},"end":{"line":168,"column":10}},"type":"binary-expr","locations":[{"start":{"line":168,"column":11},"end":{"line":168,"column":10}},{"start":{"line":169,"column":12},"end":{"line":161,"column":8}}]},"19":{"loc":{"start":{"line":174,"column":11},"end":{"line":174,"column":10}},"type":"binary-expr","locations":[{"start":{"line":174,"column":11},"end":{"line":174,"column":10}},{"start":{"line":175,"column":12},"end":{"line":161,"column":8}}]},"20":{"loc":{"start":{"line":180,"column":11},"end":{"line":180,"column":10}},"type":"binary-expr","locations":[{"start":{"line":180,"column":11},"end":{"line":180,"column":10}},{"start":{"line":181,"column":12},"end":{"line":161,"column":8}}]},"21":{"loc":{"start":{"line":186,"column":11},"end":{"line":186,"column":10}},"type":"binary-expr","locations":[{"start":{"line":186,"column":11},"end":{"line":186,"column":10}},{"start":{"line":187,"column":12},"end":{"line":161,"column":8}}]},"22":{"loc":{"start":{"line":189,"column":11},"end":{"line":189,"column":10}},"type":"binary-expr","locations":[{"start":{"line":189,"column":11},"end":{"line":189,"column":10}},{"start":{"line":190,"column":12},"end":{"line":161,"column":8}}]},"23":{"loc":{"start":{"line":192,"column":11},"end":{"line":192,"column":10}},"type":"binary-expr","locations":[{"start":{"line":192,"column":11},"end":{"line":192,"column":10}},{"start":{"line":193,"column":12},"end":{"line":161,"column":8}}]},"24":{"loc":{"start":{"line":204,"column":9},"end":{"line":204,"column":8}},"type":"binary-expr","locations":[{"start":{"line":204,"column":9},"end":{"line":204,"column":8}},{"start":{"line":205,"column":10},"end":{"line":130,"column":6}}]},"25":{"loc":{"start":{"line":210,"column":61},"end":{"line":210,"column":15}},"type":"cond-expr","locations":[{"start":{"line":210,"column":61},"end":{"line":210,"column":15}},{"start":{"line":210,"column":66},"end":{"line":207,"column":12}}]}},"s":{"0":0,"1":0,"2":0,"3":0,"4":0,"5":0,"6":0,"7":0,"8":0,"9":0,"10":0,"11":0,"12":0,"13":0,"14":0,"15":0,"16":0,"17":0,"18":0,"19":0,"20":0,"21":0,"22":0,"23":0,"24":0,"25":0,"26":0,"27":0,"28":0,"29":0,"30":0,"31":0,"32":0,"33":0,"34":0,"35":0,"36":0,"37":0,"38":0,"39":0,"40":0,"41":0,"42":0,"43":0,"44":0,"45":0},"f":{"0":0,"1":0,"2":0,"3":0,"4":0,"5":0,"6":0,"7":0},"b":{"0":[0,0],"1":[0,0],"2":[0,0],"3":[0,0],"4":[0,0],"5":[0,0],"6":[0,0],"7":[0,0],"8":[0,0],"9":[0,0],"10":[0,0],"11":[0,0],"12":[0,0],"13":[0,0],"14":[0,0],"15":[0,0],"16":[0,0],"17":[0,0],"18":[0,0],"19":[0,0],"20":[0,0],"21":[0,0],"22":[0,0],"23":[0,0],"24":[0,0],"25":[0,0]}}
,"/Users/josephziemba/Projects/dnd-stat-block-creator/src/StatblockGenerator/_components/StatBlockForm.js": {"path":"/Users/josephziemba/Projects/dnd-stat-block-creator/src/StatblockGenerator/_components/StatBlockForm.js","statementMap":{"0":{"start":{"line":1,"column":0},"end":{"line":null,"column":-1}},"1":{"start":{"line":2,"column":0},"end":{"line":null,"column":-1}},"2":{"start":{"line":3,"column":0},"end":{"line":null,"column":-1}},"3":{"start":{"line":5,"column":0},"end":{"line":null,"column":-1}},"4":{"start":{"line":6,"column":0},"end":{"line":null,"column":-1}},"5":{"start":{"line":10,"column":22},"end":{"line":10,"column":4}},"6":{"start":{"line":12,"column":4},"end":{"line":null,"column":-1}},"7":{"start":{"line":13,"column":6},"end":{"line":null,"column":-1}},"8":{"start":{"line":20,"column":27},"end":{"line":15,"column":10}},"9":{"start":{"line":29,"column":4},"end":{"line":null,"column":-1}},"10":{"start":{"line":164,"column":16},"end":{"line":159,"column":12}},"11":{"start":{"line":175,"column":16},"end":{"line":170,"column":12}},"12":{"start":{"line":186,"column":16},"end":{"line":181,"column":12}},"13":{"start":{"line":197,"column":16},"end":{"line":192,"column":12}},"14":{"start":{"line":205,"column":50},"end":{"line":205,"column":23}},"15":{"start":{"line":208,"column":16},"end":{"line":203,"column":12}},"16":{"start":{"line":219,"column":16},"end":{"line":214,"column":12}}},"fnMap":{"0":{"name":"(anonymous_0)","decl":{"start":{"line":9,"column":2},"end":{"line":9,"column":20}},"loc":{"start":{"line":9,"column":24},"end":{"line":26,"column":3}}},"1":{"name":"(anonymous_1)","decl":{"start":{"line":12,"column":25},"end":{"line":12,"column":31}},"loc":{"start":{"line":12,"column":36},"end":{"line":12,"column":11}}},"2":{"name":"(anonymous_2)","decl":{"start":{"line":20,"column":22},"end":{"line":20,"column":23}},"loc":{"start":{"line":20,"column":27},"end":{"line":15,"column":10}}},"3":{"name":"(anonymous_3)","decl":{"start":{"line":28,"column":2},"end":{"line":28,"column":7}},"loc":{"start":{"line":28,"column":11},"end":{"line":256,"column":3}}},"4":{"name":"(anonymous_4)","decl":{"start":{"line":163,"column":24},"end":{"line":163,"column":31}},"loc":{"start":{"line":164,"column":16},"end":{"line":159,"column":12}}},"5":{"name":"(anonymous_5)","decl":{"start":{"line":174,"column":24},"end":{"line":174,"column":31}},"loc":{"start":{"line":175,"column":16},"end":{"line":170,"column":12}}},"6":{"name":"(anonymous_6)","decl":{"start":{"line":185,"column":24},"end":{"line":185,"column":31}},"loc":{"start":{"line":186,"column":16},"end":{"line":181,"column":12}}},"7":{"name":"(anonymous_7)","decl":{"start":{"line":196,"column":24},"end":{"line":196,"column":31}},"loc":{"start":{"line":197,"column":16},"end":{"line":192,"column":12}}},"8":{"name":"(anonymous_8)","decl":{"start":{"line":205,"column":41},"end":{"line":205,"column":45}},"loc":{"start":{"line":205,"column":50},"end":{"line":205,"column":23}}},"9":{"name":"(anonymous_9)","decl":{"start":{"line":207,"column":24},"end":{"line":207,"column":31}},"loc":{"start":{"line":208,"column":16},"end":{"line":203,"column":12}}},"10":{"name":"(anonymous_10)","decl":{"start":{"line":218,"column":24},"end":{"line":218,"column":31}},"loc":{"start":{"line":219,"column":16},"end":{"line":214,"column":12}}}},"branchMap":{},"s":{"0":0,"1":0,"2":0,"3":0,"4":0,"5":0,"6":0,"7":0,"8":0,"9":0,"10":0,"11":0,"12":0,"13":0,"14":0,"15":0,"16":0},"f":{"0":0,"1":0,"2":0,"3":0,"4":0,"5":0,"6":0,"7":0,"8":0,"9":0,"10":0},"b":{}}
,"/Users/josephziemba/Projects/dnd-stat-block-creator/src/StatblockGenerator/_components/index.js": {"path":"/Users/josephziemba/Projects/dnd-stat-block-creator/src/StatblockGenerator/_components/index.js","statementMap":{"0":{"start":{"line":1,"column":0},"end":{"line":null,"column":-1}},"1":{"start":{"line":2,"column":0},"end":{"line":null,"column":-1}},"2":{"start":{"line":3,"column":0},"end":{"line":null,"column":-1}},"3":{"start":{"line":4,"column":0},"end":{"line":null,"column":-1}},"4":{"start":{"line":5,"column":0},"end":{"line":null,"column":-1}}},"fnMap":{},"branchMap":{},"s":{"0":0,"1":0,"2":0,"3":0,"4":0},"f":{},"b":{}}
,"/Users/josephziemba/Projects/dnd-stat-block-creator/src/_globalComponents/Accordion.js": {"path":"/Users/josephziemba/Projects/dnd-stat-block-creator/src/_globalComponents/Accordion.js","statementMap":{"0":{"start":{"line":5,"column":4},"end":{"line":5,"column":17}},"1":{"start":{"line":7,"column":4},"end":{"line":9,"column":5}},"2":{"start":{"line":11,"column":4},"end":{"line":11,"column":59}},"3":{"start":{"line":15,"column":4},"end":{"line":17,"column":7}},"4":{"start":{"line":21,"column":4},"end":{"line":38,"column":6}}},"fnMap":{"0":{"name":"(anonymous_0)","decl":{"start":{"line":4,"column":2},"end":{"line":4,"column":3}},"loc":{"start":{"line":4,"column":21},"end":{"line":12,"column":3}},"line":4},"1":{"name":"(anonymous_1)","decl":{"start":{"line":14,"column":2},"end":{"line":14,"column":3}},"loc":{"start":{"line":14,"column":20},"end":{"line":18,"column":3}},"line":14},"2":{"name":"(anonymous_2)","decl":{"start":{"line":20,"column":2},"end":{"line":20,"column":3}},"loc":{"start":{"line":20,"column":11},"end":{"line":39,"column":3}},"line":20}},"branchMap":{"0":{"loc":{"start":{"line":32,"column":12},"end":{"line":32,"column":59}},"type":"cond-expr","locations":[{"start":{"line":32,"column":30},"end":{"line":32,"column":54}},{"start":{"line":32,"column":57},"end":{"line":32,"column":59}}],"line":32}},"s":{"0":2,"1":2,"2":2,"3":3,"4":5},"f":{"0":2,"1":3,"2":5},"b":{"0":[2,3]},"_coverageSchema":"332fd63041d2c1bcb487cc26dd0d5f7d97098a6c","hash":"cda1d5f969aa1c9a0121bd58d7c0de70c9c469e1"}
,"/Users/josephziemba/Projects/dnd-stat-block-creator/src/_globalComponents/Column.js": {"path":"/Users/josephziemba/Projects/dnd-stat-block-creator/src/_globalComponents/Column.js","statementMap":{"0":{"start":{"line":3,"column":15},"end":{"line":5,"column":1}},"1":{"start":{"line":4,"column":2},"end":{"line":4,"column":74}}},"fnMap":{"0":{"name":"(anonymous_0)","decl":{"start":{"line":3,"column":15},"end":{"line":3,"column":16}},"loc":{"start":{"line":3,"column":24},"end":{"line":5,"column":1}},"line":3}},"branchMap":{},"s":{"0":2,"1":1},"f":{"0":1},"b":{},"_coverageSchema":"332fd63041d2c1bcb487cc26dd0d5f7d97098a6c","hash":"50389c9f34905af1897bef4ac3527685c7249104"}
,"/Users/josephziemba/Projects/dnd-stat-block-creator/src/_globalComponents/Input.js": {"path":"/Users/josephziemba/Projects/dnd-stat-block-creator/src/_globalComponents/Input.js","statementMap":{"0":{"start":{"line":3,"column":14},"end":{"line":22,"column":1}},"1":{"start":{"line":4,"column":2},"end":{"line":21,"column":3}}},"fnMap":{"0":{"name":"(anonymous_0)","decl":{"start":{"line":3,"column":14},"end":{"line":3,"column":15}},"loc":{"start":{"line":3,"column":25},"end":{"line":22,"column":1}},"line":3}},"branchMap":{"0":{"loc":{"start":{"line":6,"column":7},"end":{"line":7,"column":55}},"type":"binary-expr","locations":[{"start":{"line":6,"column":7},"end":{"line":6,"column":23}},{"start":{"line":7,"column":8},"end":{"line":7,"column":55}}],"line":6}},"s":{"0":3,"1":4},"f":{"0":4},"b":{"0":[4,4]},"_coverageSchema":"332fd63041d2c1bcb487cc26dd0d5f7d97098a6c","hash":"9cba36b74029f2f6ca0f752e2453281dca5ced96"}
,"/Users/josephziemba/Projects/dnd-stat-block-creator/src/_globalComponents/InputFlat.js": {"path":"/Users/josephziemba/Projects/dnd-stat-block-creator/src/_globalComponents/InputFlat.js","statementMap":{"0":{"start":{"line":5,"column":18},"end":{"line":29,"column":1}},"1":{"start":{"line":6,"column":2},"end":{"line":28,"column":3}}},"fnMap":{"0":{"name":"(anonymous_0)","decl":{"start":{"line":5,"column":18},"end":{"line":5,"column":19}},"loc":{"start":{"line":5,"column":29},"end":{"line":29,"column":1}},"line":5}},"branchMap":{"0":{"loc":{"start":{"line":14,"column":18},"end":{"line":14,"column":38}},"type":"binary-expr","locations":[{"start":{"line":14,"column":18},"end":{"line":14,"column":28}},{"start":{"line":14,"column":32},"end":{"line":14,"column":38}}],"line":14}},"s":{"0":2,"1":0},"f":{"0":0},"b":{"0":[0,0]},"_coverageSchema":"332fd63041d2c1bcb487cc26dd0d5f7d97098a6c","hash":"225ba70db4164eb3ae60942480145c97ad6389b3"}
,"/Users/josephziemba/Projects/dnd-stat-block-creator/src/_globalComponents/LoginButton.js": {"path":"/Users/josephziemba/Projects/dnd-stat-block-creator/src/_globalComponents/LoginButton.js","statementMap":{"0":{"start":{"line":4,"column":20},"end":{"line":6,"column":1}},"1":{"start":{"line":5,"column":2},"end":{"line":5,"column":69}}},"fnMap":{"0":{"name":"(anonymous_0)","decl":{"start":{"line":4,"column":20},"end":{"line":4,"column":21}},"loc":{"start":{"line":4,"column":26},"end":{"line":6,"column":1}},"line":4}},"branchMap":{},"s":{"0":2,"1":0},"f":{"0":0},"b":{},"_coverageSchema":"332fd63041d2c1bcb487cc26dd0d5f7d97098a6c","hash":"f5d972a3ac47a4c535485579c8b3886e02808e66"}
,"/Users/josephziemba/Projects/dnd-stat-block-creator/src/_globalComponents/Property.js": {"path":"/Users/josephziemba/Projects/dnd-stat-block-creator/src/_globalComponents/Property.js","statementMap":{"0":{"start":{"line":3,"column":17},"end":{"line":9,"column":1}},"1":{"start":{"line":4,"column":2},"end":{"line":8,"column":3}}},"fnMap":{"0":{"name":"(anonymous_0)","decl":{"start":{"line":3,"column":17},"end":{"line":3,"column":18}},"loc":{"start":{"line":3,"column":28},"end":{"line":9,"column":1}},"line":3}},"branchMap":{},"s":{"0":2,"1":0},"f":{"0":0},"b":{},"_coverageSchema":"332fd63041d2c1bcb487cc26dd0d5f7d97098a6c","hash":"38e9cad6a21fa344d2902be721475eb5ff7f7220"}
,"/Users/josephziemba/Projects/dnd-stat-block-creator/src/_globalComponents/PropertyBlock.js": {"path":"/Users/josephziemba/Projects/dnd-stat-block-creator/src/_globalComponents/PropertyBlock.js","statementMap":{"0":{"start":{"line":3,"column":22},"end":{"line":9,"column":1}},"1":{"start":{"line":4,"column":2},"end":{"line":8,"column":3}}},"fnMap":{"0":{"name":"(anonymous_0)","decl":{"start":{"line":3,"column":22},"end":{"line":3,"column":23}},"loc":{"start":{"line":3,"column":33},"end":{"line":9,"column":1}},"line":3}},"branchMap":{},"s":{"0":2,"1":0},"f":{"0":0},"b":{},"_coverageSchema":"332fd63041d2c1bcb487cc26dd0d5f7d97098a6c","hash":"c741c013786f35ebe0343a4404d82fa4521c4d2d"}
,"/Users/josephziemba/Projects/dnd-stat-block-creator/src/_globalComponents/Row.js": {"path":"/Users/josephziemba/Projects/dnd-stat-block-creator/src/_globalComponents/Row.js","statementMap":{"0":{"start":{"line":3,"column":12},"end":{"line":9,"column":1}},"1":{"start":{"line":4,"column":2},"end":{"line":8,"column":3}}},"fnMap":{"0":{"name":"(anonymous_0)","decl":{"start":{"line":3,"column":12},"end":{"line":3,"column":13}},"loc":{"start":{"line":3,"column":23},"end":{"line":9,"column":1}},"line":3}},"branchMap":{},"s":{"0":2,"1":0},"f":{"0":0},"b":{},"_coverageSchema":"332fd63041d2c1bcb487cc26dd0d5f7d97098a6c","hash":"7783d3b296a8c78723e6a4305911c2b461646010"}
,"/Users/josephziemba/Projects/dnd-stat-block-creator/src/_globalComponents/SelectField.js": {"path":"/Users/josephziemba/Projects/dnd-stat-block-creator/src/_globalComponents/SelectField.js","statementMap":{"0":{"start":{"line":3,"column":20},"end":{"line":27,"column":1}},"1":{"start":{"line":4,"column":16},"end":{"line":6,"column":4}},"2":{"start":{"line":5,"column":4},"end":{"line":5,"column":46}},"3":{"start":{"line":8,"column":2},"end":{"line":17,"column":3}},"4":{"start":{"line":9,"column":4},"end":{"line":16,"column":6}},"5":{"start":{"line":19,"column":2},"end":{"line":26,"column":4}}},"fnMap":{"0":{"name":"(anonymous_0)","decl":{"start":{"line":3,"column":20},"end":{"line":3,"column":21}},"loc":{"start":{"line":3,"column":31},"end":{"line":27,"column":1}},"line":3},"1":{"name":"(anonymous_1)","decl":{"start":{"line":4,"column":34},"end":{"line":4,"column":35}},"loc":{"start":{"line":4,"column":41},"end":{"line":6,"column":3}},"line":4}},"branchMap":{"0":{"loc":{"start":{"line":8,"column":2},"end":{"line":17,"column":3}},"type":"if","locations":[{"start":{"line":8,"column":2},"end":{"line":17,"column":3}},{"start":{"line":8,"column":2},"end":{"line":17,"column":3}}],"line":8},"1":{"loc":{"start":{"line":10,"column":36},"end":{"line":10,"column":69}},"type":"cond-expr","locations":[{"start":{"line":10,"column":51},"end":{"line":10,"column":64}},{"start":{"line":10,"column":67},"end":{"line":10,"column":69}}],"line":10},"2":{"loc":{"start":{"line":12,"column":59},"end":{"line":12,"column":92}},"type":"cond-expr","locations":[{"start":{"line":12,"column":74},"end":{"line":12,"column":87}},{"start":{"line":12,"column":90},"end":{"line":12,"column":92}}],"line":12},"3":{"loc":{"start":{"line":20,"column":34},"end":{"line":20,"column":67}},"type":"cond-expr","locations":[{"start":{"line":20,"column":49},"end":{"line":20,"column":62}},{"start":{"line":20,"column":65},"end":{"line":20,"column":67}}],"line":20},"4":{"loc":{"start":{"line":22,"column":57},"end":{"line":22,"column":90}},"type":"cond-expr","locations":[{"start":{"line":22,"column":72},"end":{"line":22,"column":85}},{"start":{"line":22,"column":88},"end":{"line":22,"column":90}}],"line":22}},"s":{"0":2,"1":0,"2":0,"3":0,"4":0,"5":0},"f":{"0":0,"1":0},"b":{"0":[0,0],"1":[0,0],"2":[0,0],"3":[0,0],"4":[0,0]},"_coverageSchema":"332fd63041d2c1bcb487cc26dd0d5f7d97098a6c","hash":"a34a4e9ca3b19ca92d09a0dbfba4cc23119c339e"}
,"/Users/josephziemba/Projects/dnd-stat-block-creator/src/_globalComponents/Textarea.js": {"path":"/Users/josephziemba/Projects/dnd-stat-block-creator/src/_globalComponents/Textarea.js","statementMap":{"0":{"start":{"line":3,"column":17},"end":{"line":23,"column":1}},"1":{"start":{"line":4,"column":2},"end":{"line":22,"column":3}}},"fnMap":{"0":{"name":"(anonymous_0)","decl":{"start":{"line":3,"column":17},"end":{"line":3,"column":18}},"loc":{"start":{"line":3,"column":28},"end":{"line":23,"column":1}},"line":3}},"branchMap":{"0":{"loc":{"start":{"line":6,"column":7},"end":{"line":7,"column":55}},"type":"binary-expr","locations":[{"start":{"line":6,"column":7},"end":{"line":6,"column":23}},{"start":{"line":7,"column":8},"end":{"line":7,"column":55}}],"line":6}},"s":{"0":2,"1":0},"f":{"0":0},"b":{"0":[0,0]},"_coverageSchema":"332fd63041d2c1bcb487cc26dd0d5f7d97098a6c","hash":"f06fa925d4b02602b29b968a1ed3630e120a42e5"}
,"/Users/josephziemba/Projects/dnd-stat-block-creator/src/_globalComponents/TopBar.js": {"path":"/Users/josephziemba/Projects/dnd-stat-block-creator/src/_globalComponents/TopBar.js","statementMap":{"0":{"start":{"line":6,"column":15},"end":{"line":36,"column":1}},"1":{"start":{"line":7,"column":2},"end":{"line":26,"column":3}},"2":{"start":{"line":8,"column":4},"end":{"line":25,"column":6}},"3":{"start":{"line":28,"column":2},"end":{"line":35,"column":4}}},"fnMap":{"0":{"name":"(anonymous_0)","decl":{"start":{"line":6,"column":15},"end":{"line":6,"column":16}},"loc":{"start":{"line":6,"column":24},"end":{"line":36,"column":1}},"line":6}},"branchMap":{"0":{"loc":{"start":{"line":7,"column":2},"end":{"line":26,"column":3}},"type":"if","locations":[{"start":{"line":7,"column":2},"end":{"line":26,"column":3}},{"start":{"line":7,"column":2},"end":{"line":26,"column":3}}],"line":7}},"s":{"0":2,"1":0,"2":0,"3":0},"f":{"0":0},"b":{"0":[0,0]},"_coverageSchema":"332fd63041d2c1bcb487cc26dd0d5f7d97098a6c","hash":"46db00e5f9ad73345acbb493a77ab94a4168e434"}
,"/Users/josephziemba/Projects/dnd-stat-block-creator/src/_globalComponents/index.js": {"path":"/Users/josephziemba/Projects/dnd-stat-block-creator/src/_globalComponents/index.js","statementMap":{},"fnMap":{},"branchMap":{},"s":{},"f":{},"b":{},"_coverageSchema":"332fd63041d2c1bcb487cc26dd0d5f7d97098a6c","hash":"2c37f93cf79dfde6b4fe97ab84c294301e797a45"}
,"/Users/josephziemba/Projects/dnd-stat-block-creator/src/views/About.js": {"path":"/Users/josephziemba/Projects/dnd-stat-block-creator/src/views/About.js","statementMap":{"0":{"start":{"line":1,"column":0},"end":{"line":null,"column":-1}},"1":{"start":{"line":2,"column":0},"end":{"line":null,"column":-1}},"2":{"start":{"line":4,"column":15},"end":{"line":4,"column":0}},"3":{"start":{"line":5,"column":2},"end":{"line":null,"column":-1}}},"fnMap":{"0":{"name":"(anonymous_0)","decl":{"start":{"line":4,"column":15},"end":{"line":4,"column":13}},"loc":{"start":{"line":4,"column":25},"end":{"line":4,"column":0}}}},"branchMap":{},"s":{"0":0,"1":0,"2":0,"3":0},"f":{"0":0},"b":{}}
}
