TN:
SF:/Users/josephziemba/Projects/dnd-stat-block-creator/src/App.js
FN:15,(anonymous_0)
FN:23,(anonymous_1)
FN:24,(anonymous_2)
FN:31,(anonymous_3)
FNF:4
FNH:0
FNDA:0,(anonymous_0)
FNDA:0,(anonymous_1)
FNDA:0,(anonymous_2)
FNDA:0,(anonymous_3)
DA:1,0
DA:2,0
DA:3,0
DA:4,0
DA:6,0
DA:7,0
DA:9,0
DA:10,0
DA:12,0
DA:16,0
DA:18,0
DA:24,0
DA:25,0
DA:32,0
DA:33,0
LF:15
LH:0
BRDA:26,0,0,0
BRDA:26,0,1,0
BRDA:32,1,0,0
BRDA:32,1,1,0
BRF:4
BRH:0
end_of_record
TN:
SF:/Users/josephziemba/Projects/dnd-stat-block-creator/src/Firebase.js
FN:15,(anonymous_0)
FN:27,(anonymous_1)
FN:30,(anonymous_2)
FN:35,(anonymous_3)
FN:48,(anonymous_4)
FN:53,(anonymous_5)
FN:57,(anonymous_6)
FN:61,(anonymous_7)
FN:67,(anonymous_8)
FN:74,(anonymous_9)
FN:81,(anonymous_10)
FNF:11
FNH:1
FNDA:2,(anonymous_0)
FNDA:0,(anonymous_1)
FNDA:0,(anonymous_2)
FNDA:0,(anonymous_3)
FNDA:0,(anonymous_4)
FNDA:0,(anonymous_5)
FNDA:0,(anonymous_6)
FNDA:0,(anonymous_7)
FNDA:0,(anonymous_8)
FNDA:0,(anonymous_9)
FNDA:0,(anonymous_10)
DA:5,2
DA:16,2
DA:18,2
DA:19,2
DA:20,2
DA:21,2
DA:22,2
DA:23,2
DA:24,2
DA:28,0
DA:32,0
DA:33,0
DA:44,0
DA:49,0
DA:50,0
DA:54,0
DA:58,0
DA:62,0
DA:63,0
DA:67,0
DA:69,0
DA:70,0
DA:75,0
DA:82,0
DA:90,2
LF:25
LH:10
BRDA:62,0,0,0
BRDA:62,0,1,0
BRF:2
BRH:0
end_of_record
TN:
SF:/Users/josephziemba/Projects/dnd-stat-block-creator/src/attacks.js
FNF:0
FNH:0
DA:1,0
LF:1
LH:0
BRF:0
BRH:0
end_of_record
TN:
SF:/Users/josephziemba/Projects/dnd-stat-block-creator/src/context.js
FNF:0
FNH:0
DA:1,0
DA:3,0
DA:5,0
LF:3
LH:0
BRF:0
BRH:0
end_of_record
TN:
SF:/Users/josephziemba/Projects/dnd-stat-block-creator/src/globals.js
FNF:0
FNH:0
DA:1,0
DA:18,0
DA:22,0
DA:38,0
DA:113,0
DA:135,0
LF:6
LH:0
BRF:0
BRH:0
end_of_record
TN:
SF:/Users/josephziemba/Projects/dnd-stat-block-creator/src/index.js
FNF:0
FNH:0
DA:1,0
DA:2,0
DA:3,0
DA:4,0
DA:5,0
DA:7,0
LF:6
LH:0
BRF:0
BRH:0
end_of_record
TN:
SF:/Users/josephziemba/Projects/dnd-stat-block-creator/src/setupTests.js
FNF:0
FNH:0
DA:4,3
LF:1
LH:1
BRF:0
BRH:0
end_of_record
TN:
SF:/Users/josephziemba/Projects/dnd-stat-block-creator/src/Home/Home.js
FN:7,(anonymous_0)
FN:17,(anonymous_1)
FN:20,(anonymous_2)
FN:22,(anonymous_3)
FN:29,(anonymous_4)
FN:30,(anonymous_5)
FN:39,(anonymous_6)
FNF:7
FNH:0
FNDA:0,(anonymous_0)
FNDA:0,(anonymous_1)
FNDA:0,(anonymous_2)
FNDA:0,(anonymous_3)
FNDA:0,(anonymous_4)
FNDA:0,(anonymous_5)
FNDA:0,(anonymous_6)
DA:1,0
DA:2,0
DA:3,0
DA:4,0
DA:8,0
DA:9,0
DA:14,0
DA:18,0
DA:21,0
DA:22,0
DA:23,0
DA:25,0
DA:30,0
DA:31,0
DA:40,0
DA:56,0
LF:16
LH:0
BRDA:40,0,0,0
BRDA:40,0,1,0
BRF:2
BRH:0
end_of_record
TN:
SF:/Users/josephziemba/Projects/dnd-stat-block-creator/src/StatblockGenerator/StatblockGenerator.js
FN:91,(anonymous_0)
FN:114,(anonymous_1)
FN:118,(anonymous_2)
FN:137,(anonymous_3)
FN:141,(anonymous_4)
FN:147,(anonymous_5)
FN:153,(anonymous_6)
FN:160,(anonymous_7)
FN:170,(anonymous_8)
FN:181,(anonymous_9)
FN:192,(anonymous_10)
FN:199,(anonymous_11)
FN:213,(anonymous_12)
FN:215,(anonymous_13)
FN:227,(anonymous_14)
FN:283,(anonymous_15)
FN:294,(anonymous_16)
FN:318,(anonymous_17)
FN:327,(anonymous_18)
FN:340,(anonymous_19)
FN:341,(anonymous_20)
FN:348,(anonymous_21)
FN:364,(anonymous_22)
FNF:23
FNH:0
FNDA:0,(anonymous_0)
FNDA:0,(anonymous_1)
FNDA:0,(anonymous_2)
FNDA:0,(anonymous_3)
FNDA:0,(anonymous_4)
FNDA:0,(anonymous_5)
FNDA:0,(anonymous_6)
FNDA:0,(anonymous_7)
FNDA:0,(anonymous_8)
FNDA:0,(anonymous_9)
FNDA:0,(anonymous_10)
FNDA:0,(anonymous_11)
FNDA:0,(anonymous_12)
FNDA:0,(anonymous_13)
FNDA:0,(anonymous_14)
FNDA:0,(anonymous_15)
FNDA:0,(anonymous_16)
FNDA:0,(anonymous_17)
FNDA:0,(anonymous_18)
FNDA:0,(anonymous_19)
FNDA:0,(anonymous_20)
FNDA:0,(anonymous_21)
FNDA:0,(anonymous_22)
DA:1,0
DA:3,0
DA:4,0
DA:5,0
DA:6,0
DA:7,0
DA:9,0
DA:92,0
DA:94,0
DA:98,0
DA:99,0
DA:100,0
DA:101,0
DA:102,0
DA:103,0
DA:104,0
DA:105,0
DA:106,0
DA:107,0
DA:108,0
DA:109,0
DA:110,0
DA:111,0
DA:115,0
DA:116,0
DA:117,0
DA:119,0
DA:122,0
DA:138,0
DA:142,0
DA:148,0
DA:153,0
DA:154,0
DA:155,0
DA:161,0
DA:163,0
DA:165,0
DA:171,0
DA:172,0
DA:176,0
DA:182,0
DA:183,0
DA:187,0
DA:193,0
DA:194,0
DA:200,0
DA:202,0
DA:208,0
DA:213,0
DA:214,0
DA:215,0
DA:216,0
DA:217,0
DA:219,0
DA:222,0
DA:228,0
DA:232,0
DA:234,0
DA:239,0
DA:241,0
DA:255,0
DA:257,0
DA:271,0
DA:273,0
DA:276,0
DA:278,0
DA:283,0
DA:284,0
DA:288,0
DA:289,0
DA:291,0
DA:294,0
DA:295,0
DA:296,0
DA:297,0
DA:298,0
DA:299,0
DA:301,0
DA:304,0
DA:307,0
DA:308,0
DA:312,0
DA:321,0
DA:322,0
DA:324,0
DA:327,0
DA:329,0
DA:330,0
DA:334,0
DA:341,0
DA:343,0
DA:349,0
DA:351,0
DA:357,0
DA:359,0
DA:365,0
DA:426,0
LF:97
LH:0
BRDA:116,0,0,0
BRDA:116,0,1,0
BRDA:216,1,0,0
BRDA:216,1,1,0
BRDA:233,2,0,0
BRDA:233,2,1,0
BRDA:233,2,2,0
BRDA:233,2,3,0
BRDA:288,3,0,0
BRDA:288,3,1,0
BRDA:295,4,0,0
BRDA:295,4,1,0
BRDA:296,5,0,0
BRDA:296,5,1,0
BRDA:298,6,0,0
BRDA:298,6,1,0
BRDA:307,7,0,0
BRDA:307,7,1,0
BRDA:321,8,0,0
BRDA:321,8,1,0
BRDA:329,9,0,0
BRDA:329,9,1,0
BRDA:374,10,0,0
BRDA:374,10,1,0
BRDA:390,11,0,0
BRDA:390,11,1,0
BRF:26
BRH:0
end_of_record
TN:
SF:/Users/josephziemba/Projects/dnd-stat-block-creator/src/StatblockGenerator/index.js
FNF:0
FNH:0
DA:1,0
LF:1
LH:0
BRF:0
BRH:0
end_of_record
TN:
SF:/Users/josephziemba/Projects/dnd-stat-block-creator/src/StatblockGenerator/_components/Actions.js
FN:7,(anonymous_0)
FN:16,(anonymous_1)
FN:18,(anonymous_2)
FN:24,(anonymous_3)
FN:37,(anonymous_4)
FN:50,(anonymous_5)
FN:76,(anonymous_6)
FN:92,(anonymous_7)
FN:101,(anonymous_8)
FN:108,(anonymous_9)
FNF:10
FNH:0
FNDA:0,(anonymous_0)
FNDA:0,(anonymous_1)
FNDA:0,(anonymous_2)
FNDA:0,(anonymous_3)
FNDA:0,(anonymous_4)
FNDA:0,(anonymous_5)
FNDA:0,(anonymous_6)
FNDA:0,(anonymous_7)
FNDA:0,(anonymous_8)
FNDA:0,(anonymous_9)
DA:1,0
DA:3,0
DA:4,0
DA:8,0
DA:10,0
DA:17,0
DA:18,0
DA:19,0
DA:20,0
DA:24,0
DA:38,0
DA:51,0
DA:60,0
DA:61,0
DA:72,0
DA:77,0
DA:92,0
DA:101,0
DA:108,0
LF:19
LH:0
BRDA:19,0,0,0
BRDA:19,0,1,0
BRDA:60,1,0,0
BRDA:60,1,1,0
BRDA:79,2,0,0
BRDA:79,2,1,0
BRDA:96,3,0,0
BRDA:96,3,1,0
BRF:8
BRH:0
end_of_record
TN:
SF:/Users/josephziemba/Projects/dnd-stat-block-creator/src/StatblockGenerator/_components/AttackForm.js
FN:4,(anonymous_0)
FN:8,(anonymous_1)
FN:18,(anonymous_2)
FN:27,(anonymous_3)
FN:36,(anonymous_4)
FN:45,(anonymous_5)
FN:56,(anonymous_6)
FN:65,(anonymous_7)
FN:74,(anonymous_8)
FN:84,(anonymous_9)
FNF:10
FNH:0
FNDA:0,(anonymous_0)
FNDA:0,(anonymous_1)
FNDA:0,(anonymous_2)
FNDA:0,(anonymous_3)
FNDA:0,(anonymous_4)
FNDA:0,(anonymous_5)
FNDA:0,(anonymous_6)
FNDA:0,(anonymous_7)
FNDA:0,(anonymous_8)
FNDA:0,(anonymous_9)
DA:1,0
DA:2,0
DA:4,0
DA:5,0
DA:8,0
DA:18,0
DA:27,0
DA:36,0
DA:45,0
DA:56,0
DA:65,0
DA:74,0
DA:84,0
LF:13
LH:0
BRDA:41,0,0,0
BRDA:41,0,1,0
BRDA:81,1,0,0
BRDA:81,1,1,0
BRF:4
BRH:0
end_of_record
TN:
SF:/Users/josephziemba/Projects/dnd-stat-block-creator/src/StatblockGenerator/_components/Features.js
FN:5,(anonymous_0)
FN:14,(anonymous_1)
FN:15,(anonymous_2)
FN:21,(anonymous_3)
FN:32,(anonymous_4)
FN:43,(anonymous_5)
FN:52,(anonymous_6)
FNF:7
FNH:0
FNDA:0,(anonymous_0)
FNDA:0,(anonymous_1)
FNDA:0,(anonymous_2)
FNDA:0,(anonymous_3)
FNDA:0,(anonymous_4)
FNDA:0,(anonymous_5)
FNDA:0,(anonymous_6)
DA:1,0
DA:2,0
DA:6,0
DA:8,0
DA:15,0
DA:16,0
DA:21,0
DA:32,0
DA:43,0
DA:53,0
LF:10
LH:0
BRF:0
BRH:0
end_of_record
TN:
SF:/Users/josephziemba/Projects/dnd-stat-block-creator/src/StatblockGenerator/_components/GeneratorNav.js
FN:4,(anonymous_0)
FN:31,(anonymous_1)
FNF:2
FNH:0
FNDA:0,(anonymous_0)
FNDA:0,(anonymous_1)
DA:1,0
DA:2,0
DA:4,0
DA:5,0
DA:32,0
LF:5
LH:0
BRDA:24,0,0,0
BRDA:24,0,1,0
BRF:2
BRH:0
end_of_record
TN:
SF:/Users/josephziemba/Projects/dnd-stat-block-creator/src/StatblockGenerator/_components/StatBlockDisplay.js
FN:6,(anonymous_0)
FN:9,(anonymous_1)
FN:25,(anonymous_2)
FN:28,(anonymous_3)
FN:39,(anonymous_4)
FN:43,(anonymous_5)
FN:50,(anonymous_6)
FN:110,(anonymous_7)
FNF:8
FNH:0
FNDA:0,(anonymous_0)
FNDA:0,(anonymous_1)
FNDA:0,(anonymous_2)
FNDA:0,(anonymous_3)
FNDA:0,(anonymous_4)
FNDA:0,(anonymous_5)
FNDA:0,(anonymous_6)
FNDA:0,(anonymous_7)
DA:1,0
DA:3,0
DA:7,0
DA:8,0
DA:9,0
DA:10,0
DA:11,0
DA:13,0
DA:26,0
DA:28,0
DA:29,0
DA:40,0
DA:44,0
DA:46,0
DA:47,0
DA:50,0
DA:51,0
DA:60,0
DA:63,0
DA:64,0
DA:66,0
DA:71,0
DA:73,0
DA:74,0
DA:75,0
DA:76,0
DA:77,0
DA:80,0
DA:82,0
DA:84,0
DA:97,0
DA:98,0
DA:106,0
DA:110,0
DA:111,0
DA:112,0
DA:113,0
DA:115,0
DA:117,0
DA:118,0
DA:121,0
DA:123,0
DA:125,0
DA:129,0
LF:44
LH:0
BRDA:17,0,0,0
BRDA:17,0,1,0
BRDA:46,1,0,0
BRDA:46,1,1,0
BRDA:51,2,0,0
BRDA:51,2,1,0
BRDA:63,3,0,0
BRDA:63,3,1,0
BRDA:75,4,0,0
BRDA:75,4,1,0
BRDA:82,5,0,0
BRDA:82,5,1,0
BRDA:88,6,0,0
BRDA:88,6,1,0
BRDA:89,7,0,0
BRDA:89,7,1,0
BRDA:91,8,0,0
BRDA:91,8,1,0
BRDA:97,9,0,0
BRDA:97,9,1,0
BRDA:125,10,0,0
BRDA:125,10,1,0
BRDA:126,11,0,0
BRDA:126,11,1,0
BRDA:132,12,0,0
BRDA:132,12,1,0
BRDA:145,13,0,0
BRDA:145,13,1,0
BRDA:149,14,0,0
BRDA:149,14,1,0
BRDA:154,15,0,0
BRDA:154,15,1,0
BRDA:155,16,0,0
BRDA:155,16,1,0
BRDA:162,17,0,0
BRDA:162,17,1,0
BRDA:168,18,0,0
BRDA:168,18,1,0
BRDA:174,19,0,0
BRDA:174,19,1,0
BRDA:180,20,0,0
BRDA:180,20,1,0
BRDA:186,21,0,0
BRDA:186,21,1,0
BRDA:189,22,0,0
BRDA:189,22,1,0
BRDA:192,23,0,0
BRDA:192,23,1,0
BRDA:204,24,0,0
BRDA:204,24,1,0
BRDA:210,25,0,0
BRDA:210,25,1,0
BRF:52
BRH:0
end_of_record
TN:
SF:/Users/josephziemba/Projects/dnd-stat-block-creator/src/StatblockGenerator/_components/StatBlockForm.js
FN:9,(anonymous_0)
FN:12,(anonymous_1)
FN:20,(anonymous_2)
FN:28,(anonymous_3)
FN:163,(anonymous_4)
FN:174,(anonymous_5)
FN:185,(anonymous_6)
FN:196,(anonymous_7)
FN:205,(anonymous_8)
FN:207,(anonymous_9)
FN:218,(anonymous_10)
FNF:11
FNH:0
FNDA:0,(anonymous_0)
FNDA:0,(anonymous_1)
FNDA:0,(anonymous_2)
FNDA:0,(anonymous_3)
FNDA:0,(anonymous_4)
FNDA:0,(anonymous_5)
FNDA:0,(anonymous_6)
FNDA:0,(anonymous_7)
FNDA:0,(anonymous_8)
FNDA:0,(anonymous_9)
FNDA:0,(anonymous_10)
DA:1,0
DA:2,0
DA:3,0
DA:5,0
DA:6,0
DA:10,0
DA:12,0
DA:13,0
DA:20,0
DA:29,0
DA:164,0
DA:175,0
DA:186,0
DA:197,0
DA:205,0
DA:208,0
DA:219,0
LF:17
LH:0
BRF:0
BRH:0
end_of_record
TN:
SF:/Users/josephziemba/Projects/dnd-stat-block-creator/src/StatblockGenerator/_components/index.js
FNF:0
FNH:0
DA:1,0
DA:2,0
DA:3,0
DA:4,0
DA:5,0
LF:5
LH:0
BRF:0
BRH:0
end_of_record
TN:
SF:/Users/josephziemba/Projects/dnd-stat-block-creator/src/_globalComponents/Accordion.js
FN:4,(anonymous_0)
FN:14,(anonymous_1)
FN:20,(anonymous_2)
FNF:3
FNH:3
FNDA:2,(anonymous_0)
FNDA:3,(anonymous_1)
FNDA:5,(anonymous_2)
DA:5,2
DA:7,2
DA:11,2
DA:15,3
DA:21,5
LF:5
LH:5
BRDA:32,0,0,2
BRDA:32,0,1,3
BRF:2
BRH:2
end_of_record
TN:
SF:/Users/josephziemba/Projects/dnd-stat-block-creator/src/_globalComponents/Column.js
FN:3,(anonymous_0)
FNF:1
FNH:1
FNDA:1,(anonymous_0)
DA:3,2
DA:4,1
LF:2
LH:2
BRF:0
BRH:0
end_of_record
TN:
SF:/Users/josephziemba/Projects/dnd-stat-block-creator/src/_globalComponents/Input.js
FN:3,(anonymous_0)
FNF:1
FNH:1
FNDA:4,(anonymous_0)
DA:3,3
DA:4,4
LF:2
LH:2
BRDA:6,0,0,4
BRDA:6,0,1,4
BRF:2
BRH:2
end_of_record
TN:
SF:/Users/josephziemba/Projects/dnd-stat-block-creator/src/_globalComponents/InputFlat.js
FN:5,(anonymous_0)
FNF:1
FNH:0
FNDA:0,(anonymous_0)
DA:5,2
DA:6,0
LF:2
LH:1
BRDA:14,0,0,0
BRDA:14,0,1,0
BRF:2
BRH:0
end_of_record
TN:
SF:/Users/josephziemba/Projects/dnd-stat-block-creator/src/_globalComponents/LoginButton.js
FN:4,(anonymous_0)
FNF:1
FNH:0
FNDA:0,(anonymous_0)
DA:4,2
DA:5,0
LF:2
LH:1
BRF:0
BRH:0
end_of_record
TN:
SF:/Users/josephziemba/Projects/dnd-stat-block-creator/src/_globalComponents/Property.js
FN:3,(anonymous_0)
FNF:1
FNH:0
FNDA:0,(anonymous_0)
DA:3,2
DA:4,0
LF:2
LH:1
BRF:0
BRH:0
end_of_record
TN:
SF:/Users/josephziemba/Projects/dnd-stat-block-creator/src/_globalComponents/PropertyBlock.js
FN:3,(anonymous_0)
FNF:1
FNH:0
FNDA:0,(anonymous_0)
DA:3,2
DA:4,0
LF:2
LH:1
BRF:0
BRH:0
end_of_record
TN:
SF:/Users/josephziemba/Projects/dnd-stat-block-creator/src/_globalComponents/Row.js
FN:3,(anonymous_0)
FNF:1
FNH:0
FNDA:0,(anonymous_0)
DA:3,2
DA:4,0
LF:2
LH:1
BRF:0
BRH:0
end_of_record
TN:
SF:/Users/josephziemba/Projects/dnd-stat-block-creator/src/_globalComponents/SelectField.js
FN:3,(anonymous_0)
FN:4,(anonymous_1)
FNF:2
FNH:0
FNDA:0,(anonymous_0)
FNDA:0,(anonymous_1)
DA:3,2
DA:4,0
DA:5,0
DA:8,0
DA:9,0
DA:19,0
LF:6
LH:1
BRDA:8,0,0,0
BRDA:8,0,1,0
BRDA:10,1,0,0
BRDA:10,1,1,0
BRDA:12,2,0,0
BRDA:12,2,1,0
BRDA:20,3,0,0
BRDA:20,3,1,0
BRDA:22,4,0,0
BRDA:22,4,1,0
BRF:10
BRH:0
end_of_record
TN:
SF:/Users/josephziemba/Projects/dnd-stat-block-creator/src/_globalComponents/Textarea.js
FN:3,(anonymous_0)
FNF:1
FNH:0
FNDA:0,(anonymous_0)
DA:3,2
DA:4,0
LF:2
LH:1
BRDA:6,0,0,0
BRDA:6,0,1,0
BRF:2
BRH:0
end_of_record
TN:
SF:/Users/josephziemba/Projects/dnd-stat-block-creator/src/_globalComponents/TopBar.js
FN:6,(anonymous_0)
FNF:1
FNH:0
FNDA:0,(anonymous_0)
DA:6,2
DA:7,0
DA:8,0
DA:28,0
LF:4
LH:1
BRDA:7,0,0,0
BRDA:7,0,1,0
BRF:2
BRH:0
end_of_record
TN:
SF:/Users/josephziemba/Projects/dnd-stat-block-creator/src/_globalComponents/index.js
FNF:0
FNH:0
LF:0
LH:0
BRF:0
BRH:0
end_of_record
TN:
SF:/Users/josephziemba/Projects/dnd-stat-block-creator/src/views/About.js
FN:4,(anonymous_0)
FNF:1
FNH:0
FNDA:0,(anonymous_0)
DA:1,0
DA:2,0
DA:4,0
DA:5,0
LF:4
LH:0
BRF:0
BRH:0
end_of_record
